{"meta": {"format": 2, "version": "7.4.4", "timestamp": "2025-08-20T19:00:50.652492", "branch_coverage": true, "show_contexts": false}, "files": {"src/pqc_migration_audit/__init__.py": {"executed_lines": [1, 3, 4, 5, 8, 9, 12, 13, 14, 19], "summary": {"covered_lines": 9, "num_statements": 11, "percent_covered": 81.81818181818181, "percent_covered_display": "82", "missing_lines": 2, "excluded_lines": 0, "num_branches": 0, "num_partial_branches": 0, "covered_branches": 0, "missing_branches": 0}, "missing_lines": [15, 17], "excluded_lines": [], "executed_branches": [], "missing_branches": []}, "src/pqc_migration_audit/advanced_caching.py": {"executed_lines": [], "summary": {"covered_lines": 0, "num_statements": 238, "percent_covered": 0.0, "percent_covered_display": "0", "missing_lines": 238, "excluded_lines": 2, "num_branches": 82, "num_partial_branches": 0, "covered_branches": 0, "missing_branches": 82}, "missing_lines": [6, 7, 8, 9, 10, 11, 12, 13, 14, 15, 16, 17, 18, 20, 23, 25, 26, 27, 28, 31, 32, 34, 35, 36, 37, 38, 40, 42, 43, 44, 45, 48, 51, 57, 58, 59, 60, 62, 63, 64, 65, 66, 68, 69, 71, 73, 74, 75, 78, 79, 80, 81, 84, 85, 88, 89, 90, 92, 93, 95, 96, 98, 100, 101, 103, 109, 110, 111, 114, 115, 118, 119, 122, 123, 126, 127, 128, 130, 132, 133, 134, 136, 138, 139, 140, 141, 142, 144, 146, 147, 148, 149, 151, 153, 154, 155, 157, 168, 170, 172, 174, 175, 176, 177, 179, 180, 182, 184, 185, 186, 187, 188, 189, 190, 191, 193, 195, 196, 197, 199, 201, 202, 205, 206, 208, 210, 211, 216, 217, 219, 222, 225, 226, 228, 230, 231, 232, 233, 236, 237, 240, 243, 245, 246, 248, 249, 251, 253, 254, 255, 256, 257, 258, 260, 262, 265, 266, 267, 270, 271, 272, 273, 274, 277, 278, 279, 280, 283, 285, 287, 288, 289, 291, 293, 295, 298, 301, 302, 305, 306, 307, 317, 319, 325, 326, 328, 329, 331, 333, 334, 336, 337, 338, 339, 340, 341, 342, 345, 347, 348, 350, 351, 352, 354, 355, 358, 359, 360, 363, 364, 366, 368, 369, 371, 374, 376, 379, 382, 388, 389, 390, 393, 394, 395, 398, 399, 400, 401, 402, 405, 406, 409, 412, 413, 415, 416, 419, 421], "excluded_lines": [424, 425], "executed_branches": [], "missing_branches": [[31, 32], [31, 33], [73, -71], [73, 74], [74, 75], [74, 95], [78, 79], [78, 84], [88, 89], [88, 90], [100, -98], [100, 101], [109, 110], [109, 118], [110, 111], [110, 114], [114, 115], [114, 118], [118, 119], [118, 122], [126, 127], [126, 128], [138, -136], [138, 139], [139, 140], [139, 142], [146, -144], [146, 147], [153, -151], [153, 154], [174, -172], [174, 175], [179, -172], [179, 180], [184, 185], [184, 186], [186, 187], [186, 188], [188, 189], [188, 190], [190, -182], [190, 191], [195, -193], [195, 196], [201, 202], [201, 205], [205, -205], [205, 206], [216, -208], [216, 217], [225, -219], [225, 226], [230, -228], [230, 231], [231, 232], [231, 236], [266, 267], [266, 270], [271, 272], [271, 291], [273, 274], [273, 277], [278, 279], [278, 283], [306, 307], [306, 319], [325, -293], [325, 326], [336, -331], [336, 337], [338, 336], [338, 339], [347, 348], [347, 350], [352, 351], [352, 368], [359, 360], [359, 363], [388, 389], [388, 393], [393, 394], [393, 398]]}, "src/pqc_migration_audit/advanced_optimizer.py": {"executed_lines": [], "summary": {"covered_lines": 0, "num_statements": 272, "percent_covered": 0.0, "percent_covered_display": "0", "missing_lines": 272, "excluded_lines": 0, "num_branches": 90, "num_partial_branches": 0, "covered_branches": 0, "missing_branches": 90}, "missing_lines": [3, 4, 5, 6, 7, 8, 9, 10, 11, 12, 13, 14, 15, 16, 18, 21, 22, 24, 25, 26, 27, 28, 29, 30, 33, 36, 37, 38, 44, 45, 47, 49, 50, 52, 54, 55, 56, 59, 60, 63, 66, 68, 71, 72, 74, 75, 81, 82, 84, 85, 86, 88, 89, 90, 93, 96, 97, 98, 99, 101, 102, 104, 107, 108, 109, 110, 111, 112, 115, 118, 119, 120, 121, 123, 124, 125, 127, 129, 131, 132, 134, 135, 138, 145, 147, 149, 150, 152, 153, 156, 163, 165, 167, 169, 171, 172, 173, 174, 176, 178, 179, 180, 181, 183, 184, 187, 190, 191, 199, 200, 202, 205, 207, 208, 209, 210, 211, 212, 213, 216, 218, 219, 220, 223, 224, 225, 227, 228, 230, 232, 233, 234, 235, 237, 239, 241, 242, 245, 248, 249, 250, 251, 253, 255, 258, 266, 267, 270, 273, 274, 275, 276, 277, 279, 280, 282, 284, 285, 288, 290, 292, 293, 294, 297, 299, 300, 302, 304, 309, 310, 311, 314, 315, 316, 317, 319, 321, 323, 325, 327, 329, 330, 332, 333, 334, 336, 337, 338, 339, 340, 341, 342, 343, 345, 347, 348, 351, 354, 355, 358, 359, 360, 361, 363, 366, 367, 374, 377, 380, 381, 384, 387, 390, 391, 394, 396, 397, 399, 400, 401, 405, 408, 409, 410, 411, 412, 415, 422, 423, 426, 427, 429, 442, 443, 445, 448, 450, 453, 454, 455, 457, 458, 460, 462, 463, 464, 466, 469, 470, 472, 473, 474, 476, 479, 480, 483, 484, 486, 490, 491, 492, 494, 500, 502, 504, 507, 508, 511, 512, 514, 524, 526], "excluded_lines": [], "executed_branches": [], "missing_branches": [[21, 22], [21, 23], [38, -38], [38, 44], [49, 50], [49, 52], [52, -47], [52, 54], [55, 56], [55, 71], [72, 74], [72, 81], [84, 85], [84, 96], [96, 97], [96, 101], [97, -97], [97, 98], [107, -104], [107, 108], [131, 132], [131, 134], [134, 135], [134, 138], [149, 150], [149, 152], [152, 153], [152, 156], [169, 171], [169, 176], [176, 178], [176, 183], [207, 208], [207, 216], [218, 219], [218, 227], [223, 218], [223, 224], [232, 233], [232, 235], [233, 232], [233, 234], [241, 242], [241, 245], [245, -245], [245, 248], [248, 249], [248, 250], [250, 251], [250, 253], [266, -255], [266, 267], [292, 293], [292, 297], [293, 292], [293, 294], [297, -297], [297, 302], [310, 311], [310, 314], [315, 316], [315, 321], [316, 317], [316, 319], [329, -325], [329, 330], [332, 329], [332, 333], [333, 332], [333, 334], [339, -336], [339, 340], [340, 339], [340, 341], [396, 397], [396, 426], [399, 400], [399, 408], [400, 399], [400, 401], [408, 396], [408, 409], [457, 458], [457, 494], [463, 464], [463, 476], [483, -483], [483, 484], [512, -512], [512, 514]]}, "src/pqc_migration_audit/advanced_resilience.py": {"executed_lines": [], "summary": {"covered_lines": 0, "num_statements": 390, "percent_covered": 0.0, "percent_covered_display": "0", "missing_lines": 390, "excluded_lines": 0, "num_branches": 110, "num_partial_branches": 0, "covered_branches": 0, "missing_branches": 110}, "missing_lines": [3, 4, 5, 6, 7, 8, 9, 10, 11, 12, 13, 14, 15, 16, 17, 18, 19, 22, 24, 25, 26, 27, 28, 29, 30, 31, 34, 36, 37, 38, 41, 42, 44, 45, 46, 47, 48, 49, 50, 51, 52, 53, 54, 55, 56, 59, 60, 62, 63, 64, 65, 66, 67, 68, 69, 70, 71, 72, 75, 78, 79, 80, 81, 82, 83, 84, 85, 86, 87, 89, 91, 92, 93, 95, 98, 99, 100, 102, 103, 108, 109, 110, 111, 112, 114, 115, 116, 118, 120, 121, 123, 124, 126, 128, 129, 130, 131, 133, 135, 136, 139, 141, 142, 143, 144, 145, 147, 149, 151, 152, 153, 156, 158, 159, 160, 161, 162, 163, 165, 167, 168, 169, 170, 171, 173, 175, 176, 177, 178, 182, 184, 185, 188, 189, 194, 196, 215, 218, 219, 220, 221, 223, 225, 226, 228, 230, 231, 232, 233, 235, 237, 238, 239, 240, 242, 243, 245, 247, 248, 249, 250, 252, 253, 254, 256, 261, 263, 269, 271, 273, 274, 276, 282, 285, 286, 287, 289, 291, 293, 294, 296, 297, 303, 306, 307, 308, 312, 313, 314, 315, 317, 319, 321, 322, 323, 324, 325, 326, 327, 329, 330, 331, 333, 334, 335, 336, 338, 339, 341, 343, 344, 345, 347, 348, 350, 352, 354, 355, 356, 358, 359, 361, 362, 367, 368, 370, 372, 386, 388, 391, 394, 395, 396, 397, 398, 399, 402, 406, 408, 410, 411, 412, 413, 414, 415, 418, 420, 421, 423, 425, 426, 427, 433, 435, 436, 437, 439, 440, 441, 446, 447, 449, 450, 452, 453, 455, 457, 458, 459, 463, 474, 477, 478, 479, 480, 481, 483, 485, 486, 488, 495, 497, 499, 500, 501, 502, 503, 504, 505, 506, 508, 510, 512, 513, 514, 516, 517, 519, 520, 521, 523, 524, 526, 527, 528, 529, 530, 531, 532, 534, 536, 537, 539, 541, 542, 543, 545, 547, 548, 549, 551, 552, 555, 556, 558, 559, 564, 566, 567, 569, 570, 572, 580, 581, 583, 585, 587, 588, 592, 619, 621, 622, 623, 624, 628, 630, 633, 635, 638, 640, 644, 648, 650, 651, 654, 655, 659, 661, 662, 663, 667, 668, 671, 673, 674, 676, 683, 684, 688, 690, 691, 692, 696, 697, 700, 702, 703, 706, 707, 711, 713, 714, 715, 719, 720, 724, 728, 738, 750, 760], "excluded_lines": [], "executed_branches": [], "missing_branches": [[41, 42], [41, 43], [59, 60], [59, 61], [91, -89], [91, 92], [92, 93], [92, 95], [98, 99], [98, 108], [99, 100], [99, 102], [120, 121], [120, 123], [141, 142], [141, 145], [143, -133], [143, 144], [145, -133], [145, 147], [158, 159], [158, 162], [160, -149], [160, 161], [162, -149], [162, 163], [184, 185], [184, 188], [225, 226], [225, 228], [230, 231], [230, 269], [242, 243], [242, 245], [252, 253], [252, 263], [273, 274], [273, 276], [293, 294], [293, 296], [319, 321], [319, 329], [329, 330], [329, 333], [347, -333], [347, 348], [354, 355], [354, 367], [358, 359], [358, 361], [410, -408], [410, 411], [411, 412], [411, 420], [413, 414], [413, 418], [425, -423], [425, 426], [439, 435], [439, 440], [446, 447], [446, 449], [449, 439], [449, 450], [457, -455], [457, 458], [485, -483], [485, 486], [499, 500], [499, 501], [501, 502], [501, 503], [503, 504], [503, 505], [505, 506], [505, 508], [512, 513], [512, 516], [519, 520], [519, 523], [526, 527], [526, 528], [528, 529], [528, 530], [530, 531], [530, 534], [547, 548], [547, 551], [555, 556], [555, 558], [566, 567], [566, 569], [580, 581], [580, 583], [621, -619], [621, 622], [623, 621], [623, 624], [654, 655], [654, 661], [662, 661], [662, 667], [683, 684], [683, 690], [691, 690], [691, 696], [706, 707], [706, 713], [714, 713], [714, 719]]}, "src/pqc_migration_audit/analyzers.py": {"executed_lines": [], "summary": {"covered_lines": 0, "num_statements": 56, "percent_covered": 0.0, "percent_covered_display": "0", "missing_lines": 56, "excluded_lines": 1, "num_branches": 36, "num_partial_branches": 0, "covered_branches": 0, "missing_branches": 36}, "missing_lines": [3, 4, 6, 9, 10, 12, 13, 16, 19, 24, 27, 29, 31, 32, 34, 36, 46, 48, 50, 52, 53, 54, 55, 56, 57, 58, 59, 61, 64, 65, 66, 67, 68, 69, 70, 71, 72, 73, 75, 78, 81, 83, 85, 86, 88, 89, 99, 101, 103, 105, 107, 108, 110, 111, 112, 115], "excluded_lines": [21], "executed_branches": [], "missing_branches": [[9, 10], [9, 11], [31, 32], [31, 48], [32, 31], [32, 34], [52, 53], [52, 64], [54, 55], [54, 56], [56, 57], [56, 58], [58, 59], [58, 61], [64, 65], [64, 75], [66, 67], [66, 68], [68, 69], [68, 70], [70, 71], [70, 72], [72, 73], [72, 75], [85, 86], [85, 101], [86, 85], [86, 88], [88, 85], [88, 89], [107, 108], [107, 110], [110, 111], [110, 115], [112, -112], [112, -103]]}, "src/pqc_migration_audit/auto_scaling.py": {"executed_lines": [1, 3, 4, 5, 6, 7, 8, 9, 10, 11, 12, 15, 16, 17, 18, 19, 22, 23, 24, 25, 26, 27, 28, 31, 32, 33, 34, 35, 36, 37, 38, 39, 40, 41, 42, 45, 46, 47, 48, 49, 50, 51, 52, 53, 56, 57, 59, 60, 61, 62, 63, 65, 76, 106, 124, 144, 145, 147, 148, 149, 152, 153, 154, 155, 158, 159, 160, 163, 164, 165, 166, 169, 170, 171, 173, 181, 189, 202, 224, 255, 295, 325, 354, 401, 412, 445, 448, 450, 451, 452, 453, 493, 494], "summary": {"covered_lines": 86, "num_statements": 243, "percent_covered": 27.96352583586626, "percent_covered_display": "28", "missing_lines": 157, "excluded_lines": 0, "num_branches": 86, "num_partial_branches": 0, "covered_branches": 6, "missing_branches": 80}, "missing_lines": [67, 70, 71, 78, 79, 82, 85, 86, 87, 90, 91, 93, 94, 96, 98, 108, 109, 111, 112, 113, 116, 117, 119, 120, 122, 126, 127, 130, 131, 134, 137, 138, 139, 141, 175, 176, 177, 178, 179, 183, 184, 185, 186, 187, 191, 192, 193, 194, 196, 197, 198, 199, 200, 204, 205, 207, 208, 210, 211, 213, 214, 215, 216, 218, 220, 221, 222, 226, 229, 230, 233, 236, 237, 238, 241, 242, 243, 246, 247, 248, 251, 253, 257, 258, 259, 262, 266, 267, 269, 279, 283, 284, 293, 297, 300, 301, 311, 314, 323, 327, 328, 331, 332, 342, 343, 352, 356, 357, 358, 360, 363, 364, 365, 367, 369, 370, 371, 373, 374, 375, 377, 379, 380, 381, 383, 384, 385, 387, 389, 390, 391, 394, 395, 398, 399, 403, 414, 416, 417, 418, 419, 420, 421, 423, 425, 454, 456, 457, 460, 461, 472, 474, 476, 478, 479, 490, 491], "excluded_lines": [], "executed_branches": [[31, 32], [31, 33], [45, 46], [45, 47], [453, 452], [453, 493]], "missing_branches": [[78, 79], [78, 82], [108, 109], [108, 111], [116, -116], [116, 117], [117, -117], [117, 119], [119, 120], [119, 122], [126, 127], [126, 130], [138, 139], [138, 141], [175, -173], [175, 176], [183, -181], [183, 184], [185, 186], [185, 187], [204, -202], [204, 205], [207, 208], [207, 218], [210, 211], [210, 213], [213, 214], [213, 218], [215, 216], [215, 218], [229, 230], [229, 233], [237, 238], [237, 241], [242, 243], [242, 246], [247, 248], [247, 251], [251, -251], [251, 253], [262, 266], [262, 279], [266, 267], [266, 293], [279, 283], [279, 293], [283, 284], [283, 293], [300, 301], [300, 311], [311, 314], [311, 323], [331, 332], [331, 342], [342, 343], [342, 352], [356, 357], [356, 360], [363, 364], [363, 373], [364, 365], [364, 367], [369, 370], [369, 394], [373, 374], [373, 383], [374, 375], [374, 377], [379, 380], [379, 394], [383, 384], [383, 394], [384, 385], [384, 387], [389, 390], [389, 394], [398, -354], [398, 399], [417, 418], [417, 423]]}, "src/pqc_migration_audit/autonomous_orchestrator.py": {"executed_lines": [], "summary": {"covered_lines": 0, "num_statements": 585, "percent_covered": 0.0, "percent_covered_display": "0", "missing_lines": 585, "excluded_lines": 0, "num_branches": 196, "num_partial_branches": 0, "covered_branches": 0, "missing_branches": 196}, "missing_lines": [3, 4, 5, 6, 7, 8, 9, 10, 11, 12, 13, 14, 15, 16, 17, 18, 19, 21, 22, 24, 25, 26, 27, 28, 29, 30, 31, 34, 36, 37, 38, 39, 40, 41, 42, 45, 47, 48, 49, 50, 51, 52, 53, 54, 57, 58, 60, 61, 62, 63, 64, 65, 66, 67, 68, 69, 70, 71, 74, 75, 77, 78, 79, 80, 81, 82, 83, 84, 85, 86, 87, 90, 91, 93, 94, 95, 96, 97, 98, 99, 100, 103, 106, 107, 110, 111, 112, 122, 123, 126, 134, 139, 142, 143, 146, 149, 152, 153, 156, 158, 160, 163, 164, 165, 168, 171, 172, 175, 178, 186, 187, 189, 203, 206, 207, 209, 220, 221, 223, 225, 226, 228, 230, 232, 234, 236, 237, 239, 241, 244, 245, 247, 249, 252, 259, 261, 262, 264, 266, 268, 271, 273, 276, 278, 281, 282, 284, 285, 286, 289, 290, 292, 294, 296, 297, 299, 300, 302, 303, 305, 307, 309, 311, 312, 313, 315, 316, 317, 319, 320, 321, 323, 325, 328, 329, 330, 331, 334, 335, 336, 338, 340, 343, 344, 355, 357, 358, 359, 370, 373, 374, 385, 388, 389, 403, 405, 407, 409, 410, 411, 412, 413, 414, 415, 417, 422, 423, 424, 427, 428, 429, 431, 433, 435, 438, 439, 441, 442, 443, 444, 446, 448, 449, 451, 452, 453, 456, 457, 460, 461, 463, 465, 466, 468, 470, 481, 484, 485, 488, 491, 494, 497, 504, 509, 512, 519, 522, 523, 526, 527, 529, 532, 538, 540, 541, 543, 545, 547, 549, 557, 560, 567, 569, 571, 573, 575, 582, 583, 585, 586, 591, 592, 598, 604, 607, 618, 620, 629, 631, 632, 636, 637, 640, 641, 644, 645, 647, 649, 650, 653, 663, 664, 666, 667, 669, 671, 672, 675, 678, 679, 681, 691, 692, 694, 695, 697, 699, 711, 714, 715, 718, 721, 722, 723, 726, 727, 728, 729, 730, 733, 734, 737, 745, 754, 757, 764, 766, 767, 769, 771, 772, 773, 774, 775, 777, 778, 780, 782, 783, 784, 787, 790, 793, 794, 797, 799, 800, 801, 803, 806, 807, 809, 810, 811, 812, 813, 814, 815, 816, 817, 818, 819, 820, 821, 822, 824, 826, 827, 829, 831, 833, 834, 837, 838, 840, 841, 843, 845, 846, 848, 853, 855, 856, 858, 859, 861, 863, 864, 866, 869, 870, 871, 873, 874, 876, 878, 879, 882, 884, 885, 887, 889, 890, 892, 894, 896, 902, 904, 905, 907, 909, 910, 912, 915, 916, 917, 919, 920, 922, 924, 925, 927, 929, 930, 931, 934, 935, 946, 949, 952, 963, 966, 967, 968, 969, 980, 982, 983, 985, 987, 989, 990, 991, 994, 995, 998, 999, 1000, 1001, 1002, 1003, 1004, 1005, 1007, 1009, 1010, 1011, 1012, 1014, 1016, 1018, 1019, 1021, 1022, 1023, 1025, 1027, 1029, 1030, 1032, 1033, 1034, 1036, 1038, 1040, 1041, 1043, 1044, 1045, 1046, 1048, 1049, 1051, 1054, 1055, 1057, 1059, 1062, 1074, 1076, 1078, 1083, 1091, 1093, 1095, 1097, 1099, 1101, 1104, 1105, 1107, 1109, 1111, 1113, 1115, 1117, 1119, 1121, 1123, 1126, 1127, 1130, 1131, 1134, 1135, 1137, 1138, 1139, 1141, 1143, 1145, 1146, 1148, 1149, 1151, 1152, 1153, 1155, 1162, 1164, 1165, 1167, 1170, 1171, 1173, 1175, 1176, 1178, 1180, 1197, 1199, 1200, 1201, 1203, 1206, 1207, 1213, 1214, 1221, 1228, 1230, 1232, 1235, 1238, 1240, 1241, 1243, 1244, 1245, 1248, 1277, 1279, 1281, 1284, 1285, 1286, 1287, 1288, 1291, 1292, 1294, 1295, 1298, 1299, 1301, 1302, 1304, 1305, 1306, 1309, 1310, 1312, 1313, 1316, 1322], "excluded_lines": [], "executed_branches": [], "missing_branches": [[57, 58], [57, 59], [74, 75], [74, 76], [90, 91], [90, 92], [152, 153], [152, 156], [225, 226], [225, 228], [236, 237], [236, 239], [261, 262], [261, 264], [281, 282], [281, 284], [296, 297], [296, 299], [299, 300], [299, 302], [302, 303], [302, 305], [312, 313], [312, 315], [316, 317], [316, 319], [320, 321], [320, 323], [334, -325], [334, 335], [335, 334], [335, 336], [343, 344], [343, 357], [357, 358], [357, 373], [358, 359], [358, 373], [373, 374], [373, 388], [388, 389], [388, 405], [410, 411], [410, 438], [411, 412], [411, 422], [413, 410], [413, 414], [422, 410], [422, 423], [423, 424], [423, 427], [427, 428], [427, 431], [431, 433], [431, 435], [449, -446], [449, 451], [451, 449], [451, 452], [460, 449], [460, 461], [522, 523], [522, 526], [526, -504], [526, 527], [540, -529], [540, 541], [547, 549], [547, 557], [573, 575], [573, 582], [585, 586], [585, 591], [591, 592], [591, 598], [640, -629], [640, 641], [644, 645], [644, 653], [647, 644], [647, 649], [678, -669], [678, 679], [772, 773], [772, 774], [782, -780], [782, 783], [793, 794], [793, 797], [806, -803], [806, 807], [809, 806], [809, 810], [811, 812], [811, 813], [813, 814], [813, 815], [815, 816], [815, 817], [817, 818], [817, 819], [819, 820], [819, 821], [821, 822], [821, 824], [831, -829], [831, 833], [837, 838], [837, 840], [840, -829], [840, 841], [845, -843], [845, 846], [855, -843], [855, 856], [863, -861], [863, 864], [869, -861], [869, 870], [870, 869], [870, 871], [878, -876], [878, 879], [889, -887], [889, 890], [894, -887], [894, 896], [909, -907], [909, 910], [915, -907], [915, 916], [916, 915], [916, 917], [930, 931], [930, 934], [934, 935], [934, 949], [949, 952], [949, 966], [966, 967], [966, 985], [968, 969], [968, 985], [990, 991], [990, 998], [994, 990], [994, 995], [998, 999], [998, 1000], [1000, 1001], [1000, 1002], [1002, 1003], [1002, 1004], [1004, 1005], [1004, 1007], [1016, -1014], [1016, 1018], [1027, -1025], [1027, 1029], [1040, 1041], [1040, 1048], [1097, -1093], [1097, 1099], [1104, 1105], [1104, 1107], [1107, 1109], [1107, 1111], [1111, 1113], [1111, 1115], [1146, 1148], [1146, 1149], [1149, 1151], [1149, 1153], [1153, -1143], [1153, 1155], [1200, 1201], [1200, 1203], [1206, 1207], [1206, 1213], [1213, 1214], [1213, 1221], [1244, 1245], [1244, 1248], [1285, 1286], [1285, 1291], [1287, 1288], [1287, 1291], [1294, 1295], [1294, 1298], [1301, 1302], [1301, 1304], [1305, 1306], [1305, 1309], [1312, 1313], [1312, 1316]]}, "src/pqc_migration_audit/cli.py": {"executed_lines": [], "summary": {"covered_lines": 0, "num_statements": 382, "percent_covered": 0.0, "percent_covered_display": "0", "missing_lines": 382, "excluded_lines": 2, "num_branches": 234, "num_partial_branches": 0, "covered_branches": 0, "missing_branches": 234}, "missing_lines": [3, 4, 5, 6, 7, 8, 9, 10, 11, 12, 13, 14, 16, 17, 18, 19, 20, 21, 25, 28, 31, 32, 33, 34, 35, 36, 42, 43, 44, 47, 48, 53, 54, 57, 58, 59, 61, 64, 66, 68, 71, 73, 75, 76, 81, 84, 87, 90, 91, 92, 93, 94, 97, 98, 101, 102, 103, 108, 109, 110, 112, 114, 115, 116, 117, 118, 119, 120, 122, 123, 124, 125, 126, 128, 129, 130, 131, 132, 134, 135, 136, 137, 138, 139, 141, 142, 143, 144, 145, 146, 147, 149, 150, 151, 152, 153, 154, 156, 157, 158, 160, 161, 162, 163, 164, 165, 166, 169, 170, 171, 175, 178, 179, 180, 183, 184, 185, 187, 188, 191, 193, 198, 201, 202, 203, 204, 205, 206, 207, 208, 209, 211, 214, 215, 216, 218, 220, 221, 226, 227, 228, 229, 230, 231, 232, 233, 236, 237, 240, 243, 244, 245, 246, 248, 251, 252, 253, 255, 258, 260, 261, 265, 268, 269, 270, 272, 273, 274, 277, 278, 279, 280, 281, 282, 283, 285, 286, 287, 290, 291, 293, 295, 297, 298, 306, 308, 309, 310, 311, 312, 314, 315, 321, 323, 324, 325, 330, 331, 332, 334, 336, 337, 342, 343, 346, 347, 348, 349, 350, 351, 352, 355, 358, 359, 361, 368, 369, 370, 373, 374, 375, 377, 380, 383, 385, 386, 391, 392, 394, 395, 396, 399, 402, 405, 406, 407, 413, 414, 415, 416, 418, 420, 421, 422, 424, 425, 427, 428, 429, 431, 432, 435, 436, 437, 439, 440, 442, 444, 445, 446, 449, 450, 451, 453, 455, 457, 458, 462, 464, 467, 468, 469, 471, 472, 473, 474, 477, 478, 479, 480, 482, 483, 484, 487, 488, 490, 491, 492, 495, 496, 497, 499, 500, 502, 503, 504, 505, 506, 507, 509, 510, 511, 514, 515, 516, 517, 519, 520, 523, 524, 525, 526, 528, 535, 536, 539, 540, 542, 590, 591, 593, 596, 597, 598, 599, 601, 602, 603, 604, 606, 609, 611, 612, 613, 614, 615, 617, 618, 619, 620, 623, 625, 628, 629, 630, 631, 633, 634, 635, 636, 638, 641, 642, 643, 644, 645, 648, 650, 651, 653, 655, 664, 666, 668, 669, 670, 671, 672, 674, 679, 681, 682, 689, 694, 696, 697, 698, 699, 700, 701, 702, 703], "excluded_lines": [706, 707], "executed_branches": [], "missing_branches": [[31, 32], [31, 36], [32, 31], [32, 33], [33, 32], [33, 34], [34, 33], [34, 35], [35, 34], [35, 36], [36, 35], [36, 57], [53, -31], [53, 54], [57, 58], [57, 76], [58, 57], [58, 59], [59, 58], [59, 61], [61, 59], [61, 64], [64, 61], [64, 66], [66, 64], [66, 68], [68, 66], [68, 71], [71, 68], [71, 73], [73, 71], [73, 75], [75, 73], [75, 76], [76, 75], [76, 214], [91, 92], [91, 93], [93, 94], [93, 97], [97, 98], [97, 101], [102, 103], [102, 112], [103, 108], [103, 169], [114, 115], [114, 122], [116, 117], [116, 120], [118, 119], [118, 120], [122, 123], [122, 128], [124, 125], [124, 126], [128, 129], [128, 134], [130, 131], [130, 132], [134, 135], [134, 141], [137, 138], [137, 139], [141, 142], [141, 149], [143, 144], [143, 147], [145, 146], [145, 147], [149, 150], [149, 156], [151, 152], [151, 154], [156, 157], [156, 160], [162, 163], [162, 165], [179, 180], [179, 183], [183, 184], [183, 191], [187, -57], [187, 188], [191, 193], [191, 201], [201, 202], [201, 204], [204, 205], [204, 207], [207, 208], [207, 211], [214, 215], [214, 221], [215, 214], [215, 216], [216, 215], [216, 218], [218, 216], [218, 220], [220, 218], [220, 221], [221, 220], [221, 251], [227, 228], [227, 236], [229, 230], [229, 236], [243, 244], [243, 248], [244, 245], [244, 246], [251, 252], [251, 261], [252, 251], [252, 253], [253, 252], [253, 255], [255, 253], [255, 258], [258, 255], [258, 260], [260, 258], [260, 261], [261, 260], [261, 330], [272, 273], [272, 277], [277, 278], [277, 285], [279, 280], [279, 283], [281, 279], [281, 282], [285, 286], [285, 290], [290, 291], [290, 293], [308, -251], [308, 309], [314, 315], [314, 321], [330, 331], [330, 337], [331, 330], [331, 332], [332, 331], [332, 334], [334, 332], [334, 336], [336, 334], [336, 337], [337, 336], [337, 373], [347, 348], [347, 355], [349, 350], [349, 355], [373, 374], [373, 386], [374, 373], [374, 375], [375, 374], [375, 377], [377, 375], [377, 380], [380, 377], [380, 383], [383, 380], [383, 385], [385, 383], [385, 386], [386, 385], [386, 449], [394, 395], [394, 399], [406, 407], [406, 413], [415, 416], [415, 418], [420, 421], [420, 435], [422, 420], [422, 424], [427, 428], [427, 429], [431, 420], [431, 432], [435, 436], [435, 444], [439, 440], [439, 442], [449, 450], [449, 458], [450, 449], [450, 451], [451, 450], [451, 453], [453, 451], [453, 455], [455, 453], [455, 457], [457, 455], [457, 458], [458, 457], [458, 609], [471, 472], [471, 477], [495, 496], [495, 523], [503, 504], [503, 514], [505, 503], [505, 506], [509, 510], [509, 511], [516, 517], [516, 519], [523, 524], [523, 539], [590, 591], [590, 593], [601, 602], [601, 603], [603, 604], [603, 606], [612, -609], [612, 613], [613, 614], [613, 617], [641, -623], [641, 642], [698, 699], [698, 701]]}, "src/pqc_migration_audit/compliance_engine.py": {"executed_lines": [], "summary": {"covered_lines": 0, "num_statements": 393, "percent_covered": 0.0, "percent_covered_display": "0", "missing_lines": 393, "excluded_lines": 0, "num_branches": 116, "num_partial_branches": 0, "covered_branches": 0, "missing_branches": 116}, "missing_lines": [3, 4, 5, 6, 7, 8, 9, 10, 11, 12, 13, 14, 15, 17, 18, 19, 22, 24, 25, 26, 27, 28, 29, 30, 31, 32, 33, 34, 35, 36, 39, 41, 42, 43, 44, 45, 46, 49, 51, 52, 53, 54, 55, 58, 59, 61, 62, 63, 64, 65, 66, 67, 68, 69, 70, 71, 72, 75, 76, 78, 79, 80, 81, 82, 83, 84, 85, 86, 87, 88, 89, 90, 91, 92, 95, 96, 98, 99, 100, 101, 102, 103, 104, 105, 106, 107, 108, 109, 110, 113, 116, 117, 120, 224, 227, 230, 231, 232, 233, 235, 237, 239, 244, 245, 247, 250, 251, 252, 253, 254, 257, 260, 261, 263, 264, 265, 266, 268, 269, 272, 273, 274, 275, 276, 277, 278, 279, 280, 281, 282, 283, 284, 286, 287, 288, 291, 294, 306, 307, 308, 309, 310, 312, 330, 333, 334, 337, 420, 423, 425, 426, 427, 429, 431, 434, 435, 436, 437, 438, 441, 443, 444, 445, 447, 448, 449, 450, 452, 460, 461, 462, 463, 464, 465, 466, 467, 468, 469, 470, 471, 473, 474, 475, 479, 480, 481, 482, 483, 485, 487, 497, 515, 518, 519, 522, 585, 588, 591, 592, 593, 594, 596, 598, 601, 602, 603, 604, 605, 607, 608, 609, 612, 613, 614, 615, 617, 626, 627, 628, 629, 630, 631, 632, 633, 634, 635, 636, 637, 638, 640, 641, 642, 644, 646, 656, 675, 678, 679, 682, 689, 698, 709, 713, 714, 716, 717, 719, 722, 723, 724, 725, 728, 729, 730, 731, 734, 737, 740, 743, 746, 749, 752, 778, 780, 782, 784, 785, 788, 789, 791, 793, 794, 795, 796, 797, 799, 800, 803, 806, 807, 808, 810, 811, 812, 814, 816, 818, 821, 822, 825, 831, 832, 833, 835, 837, 858, 860, 862, 870, 871, 872, 873, 875, 884, 891, 903, 905, 907, 916, 917, 918, 920, 939, 963, 971, 978, 980, 982, 989, 990, 991, 994, 995, 996, 997, 999, 1001, 1002, 1007, 1014, 1015, 1017, 1032, 1034, 1037, 1064, 1066, 1080, 1081, 1082, 1083, 1084, 1094, 1095, 1096, 1099, 1100, 1102, 1103, 1104, 1112, 1114, 1116, 1119, 1120, 1121, 1122, 1123, 1124, 1126, 1128, 1130, 1131, 1133, 1134, 1137, 1144, 1145, 1158, 1160, 1162, 1199, 1200, 1201, 1210, 1211, 1213, 1215, 1216, 1218, 1220, 1227, 1228, 1229, 1231, 1232, 1233, 1234, 1240, 1242, 1249, 1251, 1253], "excluded_lines": [], "executed_branches": [], "missing_branches": [[58, 59], [58, 60], [75, 76], [75, 77], [95, 96], [95, 97], [230, 231], [230, 235], [231, 230], [231, 232], [245, -245], [245, -237], [257, 260], [257, 306], [263, 264], [263, 268], [268, 269], [268, 272], [273, 274], [273, 277], [277, 278], [277, 281], [281, 282], [281, 286], [291, -291], [291, 294], [425, 426], [425, 429], [441, 443], [441, 479], [447, 448], [447, 460], [460, 461], [460, 464], [464, 465], [464, 468], [468, 469], [468, 473], [485, -485], [485, 487], [591, 592], [591, 596], [592, 593], [592, 596], [612, 613], [612, 626], [626, 627], [626, 630], [630, 631], [630, 635], [635, 636], [635, 640], [644, -644], [644, 646], [713, 714], [713, 716], [722, 723], [722, 734], [723, 722], [723, 724], [784, 785], [784, 788], [791, 793], [791, 803], [794, 795], [794, 796], [796, 797], [796, 799], [806, 807], [806, 811], [807, 808], [807, 810], [811, 812], [811, 814], [821, 822], [821, 825], [835, -835], [835, 837], [870, 871], [870, 891], [872, 873], [872, 875], [989, 990], [989, 994], [994, 995], [994, 1014], [1001, 1002], [1001, 1007], [1080, 1081], [1080, 1094], [1082, 1080], [1082, 1083], [1094, 1095], [1094, 1099], [1103, 1104], [1103, 1112], [1119, 1120], [1119, 1121], [1121, 1122], [1121, 1123], [1123, 1124], [1123, 1126], [1144, 1145], [1144, 1158], [1199, 1200], [1199, 1220], [1210, 1211], [1210, 1213], [1215, 1216], [1215, 1218], [1228, 1229], [1228, 1231], [1231, 1232], [1231, 1242], [1233, 1231], [1233, 1234]]}, "src/pqc_migration_audit/core.py": {"executed_lines": [1, 3, 4, 5, 6, 7, 8, 9, 10, 11, 12, 13, 15, 16, 23, 24, 25, 26, 27, 38, 39, 41, 87, 111, 132, 153, 174, 175, 177, 183, 186, 188, 189, 190, 193, 194, 197, 198, 201, 202, 211, 212, 213, 216, 219, 221, 223, 224, 225, 226, 229, 230, 233, 234, 236, 258, 261, 269, 270, 286, 287, 290, 298, 301, 302, 310, 311, 312, 316, 328, 329, 331, 344, 347, 348, 349, 350, 351, 352, 358, 364, 376, 377, 380, 383, 384, 390, 391, 395, 396, 403, 406, 408, 411, 412, 420, 432, 433, 434, 436, 440, 445, 448, 449, 455, 458, 459, 460, 461, 462, 463, 464, 465, 468, 471, 472, 473, 490, 491, 494, 495, 496, 497, 498, 501, 502, 503, 504, 505, 506, 513, 514, 515, 520, 521, 533, 546, 559, 561, 562, 567, 568, 570, 571, 573, 575, 580, 581, 584, 588, 589, 590, 591, 592, 593, 603, 604, 612, 622, 623, 626, 627, 628, 632, 633, 636, 638, 648, 649, 651, 652, 653, 654, 657, 659, 668, 670, 683, 685, 687, 688, 691, 698, 699, 700, 701, 720, 721, 722, 723, 724, 725, 726, 739, 747, 748, 749, 750, 754, 760, 769, 771, 775, 779, 782, 785, 790, 791, 797, 798, 799, 801, 802, 805, 859, 913, 915, 918, 919, 920, 921, 923, 936, 937, 952, 953, 967, 969, 971, 973, 974, 975, 977, 988, 990, 992, 994, 995, 996, 998, 1009, 1011, 1021, 1022, 1023, 1024, 1026, 1027, 1031, 1033, 1090, 1101, 1144, 1145, 1147, 1155, 1203, 1204, 1230, 1261, 1274, 1281, 1289, 1297], "summary": {"covered_lines": 260, "num_statements": 492, "percent_covered": 50.13586956521739, "percent_covered_display": "50", "missing_lines": 232, "excluded_lines": 0, "num_branches": 244, "num_partial_branches": 45, "covered_branches": 109, "missing_branches": 135}, "missing_lines": [28, 30, 32, 33, 205, 206, 207, 208, 314, 342, 359, 360, 362, 378, 381, 392, 397, 398, 400, 413, 414, 421, 422, 426, 429, 437, 441, 442, 446, 447, 450, 451, 452, 456, 474, 475, 477, 479, 480, 481, 484, 485, 507, 517, 527, 535, 537, 538, 540, 563, 564, 576, 577, 585, 586, 595, 596, 597, 598, 599, 600, 606, 607, 629, 634, 655, 689, 690, 692, 695, 702, 704, 705, 706, 707, 708, 709, 710, 711, 712, 713, 715, 716, 717, 727, 728, 729, 730, 732, 734, 735, 736, 740, 741, 742, 743, 744, 752, 756, 757, 758, 772, 776, 780, 783, 787, 788, 803, 807, 810, 811, 812, 814, 826, 827, 828, 830, 842, 843, 844, 846, 857, 861, 864, 865, 866, 868, 880, 881, 882, 884, 896, 897, 898, 900, 911, 938, 940, 954, 956, 1025, 1029, 1042, 1088, 1092, 1094, 1095, 1096, 1097, 1099, 1103, 1104, 1106, 1107, 1108, 1109, 1110, 1112, 1113, 1116, 1117, 1118, 1119, 1122, 1123, 1124, 1126, 1137, 1138, 1139, 1141, 1153, 1161, 1162, 1165, 1166, 1167, 1170, 1180, 1181, 1182, 1183, 1184, 1185, 1186, 1187, 1188, 1190, 1193, 1197, 1199, 1201, 1210, 1211, 1214, 1221, 1222, 1223, 1226, 1228, 1236, 1238, 1259, 1263, 1264, 1265, 1266, 1267, 1268, 1269, 1270, 1272, 1276, 1277, 1278, 1279, 1283, 1284, 1285, 1286, 1287, 1291, 1292, 1293, 1294, 1295, 1299, 1305, 1306, 1311, 1312, 1318], "excluded_lines": [], "executed_branches": [[186, 188], [219, 221], [270, 269], [270, 316], [286, 287], [301, 302], [310, 311], [311, -269], [311, 312], [328, -316], [328, 329], [347, 348], [351, 352], [351, 358], [358, 364], [377, 380], [380, 383], [391, 395], [396, 403], [420, 432], [432, 433], [432, 490], [433, 432], [433, 434], [436, 440], [440, 445], [445, 448], [449, 455], [455, 458], [459, 460], [472, 433], [472, 473], [473, -473], [473, 472], [473, 473], [494, 495], [501, 502], [502, 503], [506, 513], [513, 514], [513, 520], [514, 515], [520, 521], [562, 567], [570, 571], [570, 603], [575, 580], [580, 570], [580, 581], [584, 588], [588, 589], [588, 591], [589, 580], [589, 590], [591, 580], [591, 592], [592, 593], [626, 627], [626, 632], [628, 626], [633, 636], [648, 649], [648, 651], [652, 653], [652, 657], [654, 652], [688, 691], [691, 698], [699, 700], [699, 720], [721, 722], [721, 723], [723, 724], [723, 725], [725, 726], [739, 747], [748, 749], [748, 754], [749, 750], [771, 775], [775, 779], [779, 782], [782, 785], [791, 790], [791, 805], [802, -790], [918, 919], [918, 936], [919, 918], [919, 920], [936, 937], [936, 952], [937, 936], [952, 953], [952, 967], [953, 952], [973, 974], [973, 988], [974, 973], [974, 975], [994, 995], [994, 1009], [995, 994], [995, 996], [1022, 1023], [1022, 1031], [1024, 1026], [1026, 1027], [1204, 1203], [1204, 1230]], "missing_branches": [[186, 205], [219, 223], [286, 290], [301, 310], [310, 314], [347, 350], [358, 359], [359, 360], [359, 362], [377, 378], [380, 381], [391, 392], [396, 397], [397, 398], [397, 400], [420, 421], [421, 422], [421, 426], [436, 437], [440, 441], [445, 446], [449, 450], [455, 456], [459, 477], [484, 433], [484, 485], [494, 501], [501, 520], [502, 505], [506, 507], [514, 517], [520, 527], [535, 537], [535, 538], [562, 563], [563, 564], [563, 603], [575, 576], [584, 585], [592, 580], [595, 596], [595, 598], [628, 629], [633, 634], [654, 655], [688, 689], [691, 692], [706, 707], [706, 715], [708, 709], [708, 711], [715, 716], [715, 720], [725, 727], [727, 728], [727, 729], [729, 730], [729, 732], [739, 740], [749, 752], [771, 772], [775, 776], [779, 780], [782, 783], [802, 803], [810, 811], [810, 826], [811, 810], [811, 812], [826, 827], [826, 842], [827, 826], [827, 828], [842, 843], [842, 857], [843, 842], [843, 844], [864, 865], [864, 880], [865, 864], [865, 866], [880, 881], [880, 896], [881, 880], [881, 882], [896, 897], [896, 911], [897, 896], [897, 898], [937, 938], [953, 954], [1024, 1025], [1026, 1029], [1094, 1095], [1094, 1096], [1096, 1097], [1096, 1099], [1106, 1107], [1106, 1141], [1112, 1113], [1112, 1116], [1122, 1106], [1122, 1123], [1161, 1162], [1161, 1165], [1181, 1182], [1181, 1193], [1183, 1184], [1183, 1185], [1185, 1186], [1185, 1187], [1187, 1188], [1187, 1190], [1210, 1211], [1210, 1214], [1222, 1223], [1222, 1226], [1263, 1264], [1263, 1265], [1265, 1266], [1265, 1267], [1267, 1268], [1267, 1269], [1269, 1270], [1269, 1272], [1277, 1278], [1277, 1279], [1284, 1285], [1284, 1287], [1292, 1293], [1292, 1295], [1305, 1306], [1305, 1311], [1311, 1312], [1311, 1318]]}, "src/pqc_migration_audit/dashboard.py": {"executed_lines": [], "summary": {"covered_lines": 0, "num_statements": 135, "percent_covered": 0.0, "percent_covered_display": "0", "missing_lines": 135, "excluded_lines": 0, "num_branches": 60, "num_partial_branches": 0, "covered_branches": 0, "missing_branches": 60}, "missing_lines": [3, 4, 5, 6, 7, 9, 12, 15, 17, 19, 35, 38, 41, 42, 43, 45, 47, 53, 54, 56, 63, 64, 65, 66, 69, 70, 71, 72, 75, 76, 77, 78, 79, 82, 83, 84, 86, 89, 92, 93, 94, 96, 128, 132, 134, 293, 295, 488, 490, 491, 493, 494, 495, 502, 504, 506, 507, 509, 510, 512, 513, 514, 521, 523, 525, 526, 528, 529, 530, 553, 568, 570, 571, 573, 610, 612, 747, 749, 750, 760, 762, 764, 765, 766, 767, 768, 769, 770, 771, 773, 775, 778, 779, 780, 782, 784, 785, 786, 793, 794, 796, 798, 799, 801, 802, 804, 806, 812, 814, 815, 818, 819, 820, 823, 824, 826, 834, 836, 837, 841, 842, 844, 846, 848, 850, 851, 857, 858, 865, 873, 874, 875, 876, 877, 879], "excluded_lines": [], "executed_branches": [], "missing_branches": [[41, 42], [41, 45], [42, 43], [42, 45], [64, 65], [64, 69], [76, 77], [76, 82], [77, 78], [77, 79], [83, 84], [83, 89], [93, 94], [93, 96], [490, 491], [490, 493], [494, 495], [494, 502], [506, 507], [506, 509], [512, 513], [512, 521], [525, 526], [525, 528], [529, 530], [529, 553], [570, 571], [570, 573], [764, 765], [764, 766], [766, 767], [766, 768], [768, 769], [768, 770], [770, 771], [770, 773], [785, 786], [785, 793], [786, -786], [786, 785], [793, -793], [793, 794], [798, 799], [798, 801], [801, -801], [801, 802], [814, 815], [814, 818], [836, 837], [836, 841], [850, 851], [850, 857], [857, 858], [857, 865], [873, -873], [873, 874], [874, 875], [874, 876], [876, 877], [876, 879]]}, "src/pqc_migration_audit/database/__init__.py": {"executed_lines": [], "summary": {"covered_lines": 0, "num_statements": 4, "percent_covered": 0.0, "percent_covered_display": "0", "missing_lines": 4, "excluded_lines": 0, "num_branches": 0, "num_partial_branches": 0, "covered_branches": 0, "missing_branches": 0}, "missing_lines": [3, 4, 5, 7], "excluded_lines": [], "executed_branches": [], "missing_branches": []}, "src/pqc_migration_audit/database/connection.py": {"executed_lines": [], "summary": {"covered_lines": 0, "num_statements": 137, "percent_covered": 0.0, "percent_covered_display": "0", "missing_lines": 137, "excluded_lines": 0, "num_branches": 36, "num_partial_branches": 0, "covered_branches": 0, "missing_branches": 36}, "missing_lines": [3, 4, 5, 6, 7, 8, 9, 12, 15, 21, 22, 23, 25, 27, 28, 29, 30, 31, 32, 34, 35, 37, 38, 39, 40, 41, 42, 43, 44, 46, 48, 50, 52, 67, 86, 97, 111, 129, 145, 146, 147, 148, 149, 150, 152, 154, 155, 156, 158, 160, 161, 162, 164, 166, 167, 168, 170, 172, 173, 174, 176, 178, 179, 180, 183, 186, 192, 193, 195, 204, 206, 207, 209, 210, 211, 214, 215, 216, 217, 219, 220, 222, 223, 224, 225, 226, 228, 235, 237, 238, 243, 244, 245, 246, 248, 250, 256, 257, 258, 259, 260, 262, 264, 265, 266, 267, 268, 270, 276, 277, 278, 280, 281, 282, 283, 285, 286, 287, 288, 290, 291, 292, 293, 294, 296, 300, 301, 304, 307, 308, 309, 310, 313, 316, 317, 318, 319], "excluded_lines": [], "executed_branches": [], "missing_branches": [[27, 28], [27, 32], [35, 34], [35, 48], [50, -48], [50, 52], [154, -152], [154, 155], [160, -158], [160, 161], [166, -164], [166, 167], [172, -170], [172, 173], [178, -176], [178, 179], [206, 207], [206, 209], [210, 211], [210, 214], [215, 216], [215, 219], [244, -228], [244, 245], [264, -262], [264, 265], [280, 281], [280, 296], [282, 283], [282, 285], [285, 280], [285, 286], [307, 308], [307, 310], [316, 317], [316, 319]]}, "src/pqc_migration_audit/database/models.py": {"executed_lines": [], "summary": {"covered_lines": 0, "num_statements": 124, "percent_covered": 0.0, "percent_covered_display": "0", "missing_lines": 124, "excluded_lines": 0, "num_branches": 38, "num_partial_branches": 0, "covered_branches": 0, "missing_branches": 38}, "missing_lines": [3, 4, 5, 6, 9, 10, 13, 14, 15, 16, 17, 18, 19, 20, 21, 23, 24, 25, 27, 29, 41, 42, 44, 46, 59, 60, 63, 64, 65, 66, 67, 68, 69, 70, 71, 72, 73, 74, 76, 78, 93, 94, 96, 112, 113, 116, 117, 118, 119, 121, 122, 123, 125, 127, 134, 135, 137, 139, 147, 148, 151, 152, 153, 154, 155, 156, 157, 159, 160, 161, 163, 165, 175, 176, 178, 180, 191, 192, 195, 196, 197, 198, 199, 200, 201, 202, 203, 204, 205, 207, 208, 209, 210, 211, 213, 215, 229, 230, 232, 233, 235, 250, 251, 254, 255, 256, 257, 258, 259, 260, 261, 262, 264, 265, 266, 267, 268, 270, 272, 284, 285, 287, 288, 290], "excluded_lines": [], "executed_branches": [], "missing_branches": [[9, 10], [9, 11], [24, -23], [24, 25], [42, -9], [42, 41], [59, 60], [59, 61], [94, -59], [94, 93], [112, 113], [112, 114], [122, -121], [122, 123], [135, -112], [135, 134], [147, 148], [147, 149], [160, -159], [160, 161], [176, -147], [176, 175], [191, 192], [191, 193], [208, 209], [208, 210], [210, -207], [210, 211], [230, -191], [230, 229], [250, 251], [250, 252], [265, 266], [265, 267], [267, -264], [267, 268], [285, -250], [285, 284]]}, "src/pqc_migration_audit/database/repository.py": {"executed_lines": [], "summary": {"covered_lines": 0, "num_statements": 170, "percent_covered": 0.0, "percent_covered_display": "0", "missing_lines": 170, "excluded_lines": 0, "num_branches": 48, "num_partial_branches": 0, "covered_branches": 0, "missing_branches": 48}, "missing_lines": [3, 4, 5, 7, 8, 13, 16, 19, 25, 27, 28, 29, 31, 33, 34, 35, 37, 39, 48, 49, 50, 52, 53, 54, 56, 58, 67, 68, 70, 71, 72, 74, 84, 86, 87, 89, 90, 92, 101, 102, 104, 105, 106, 108, 109, 111, 113, 122, 123, 125, 131, 132, 133, 136, 139, 140, 141, 143, 144, 145, 147, 156, 157, 158, 160, 169, 170, 172, 173, 174, 176, 185, 186, 187, 190, 193, 194, 195, 197, 198, 199, 201, 210, 211, 212, 214, 223, 224, 225, 227, 236, 237, 238, 240, 247, 252, 253, 256, 261, 262, 265, 267, 274, 277, 278, 279, 281, 282, 283, 285, 294, 295, 297, 298, 299, 302, 305, 306, 307, 309, 310, 311, 313, 322, 323, 325, 326, 327, 329, 338, 339, 340, 343, 346, 347, 348, 350, 351, 352, 354, 363, 364, 365, 367, 376, 377, 378, 380, 386, 387, 388, 391, 394, 395, 396, 398, 399, 400, 402, 411, 412, 413, 415, 424, 425, 426, 428, 434, 444, 446], "excluded_lines": [], "executed_branches": [], "missing_branches": [[27, 28], [27, 29], [28, 27], [28, 29], [29, 28], [29, 33], [33, 34], [33, 35], [34, 33], [34, 35], [35, 34], [35, 39], [70, 71], [70, 72], [86, 87], [86, 89], [101, 102], [101, 104], [140, 139], [140, 143], [144, 143], [144, 147], [172, 173], [172, 174], [194, 193], [194, 197], [198, 197], [198, 201], [278, 277], [278, 281], [282, 281], [282, 285], [297, 298], [297, 299], [306, 305], [306, 309], [310, 309], [310, 313], [325, 326], [325, 327], [347, 346], [347, 350], [351, 350], [351, 354], [395, 394], [395, 398], [399, 398], [399, 402]]}, "src/pqc_migration_audit/enhanced_logging.py": {"executed_lines": [], "summary": {"covered_lines": 0, "num_statements": 143, "percent_covered": 0.0, "percent_covered_display": "0", "missing_lines": 143, "excluded_lines": 2, "num_branches": 21, "num_partial_branches": 0, "covered_branches": 0, "missing_branches": 21}, "missing_lines": [6, 7, 8, 9, 10, 11, 12, 13, 14, 15, 16, 19, 21, 22, 23, 24, 25, 26, 27, 30, 31, 33, 34, 35, 36, 37, 38, 39, 40, 41, 42, 45, 48, 50, 51, 52, 55, 56, 57, 60, 61, 64, 66, 68, 69, 70, 72, 75, 76, 79, 80, 83, 84, 87, 88, 91, 93, 96, 97, 100, 103, 108, 111, 114, 119, 120, 123, 128, 129, 132, 133, 135, 136, 137, 139, 141, 144, 145, 153, 156, 157, 168, 170, 172, 173, 174, 176, 181, 182, 189, 192, 193, 204, 206, 208, 209, 210, 212, 218, 229, 230, 239, 242, 243, 254, 256, 258, 259, 261, 270, 271, 273, 275, 283, 286, 287, 289, 291, 293, 295, 301, 302, 304, 306, 308, 309, 311, 313, 316, 317, 320, 322, 325, 331, 334, 336, 344, 351, 354, 355, 357, 358, 359], "excluded_lines": [362, 363], "executed_branches": [], "missing_branches": [[30, 31], [30, 32], [144, 145], [144, 156], [156, -139], [156, 157], [181, 182], [181, 192], [192, -170], [192, 193], [229, 230], [229, 242], [242, -206], [242, 243], [258, 259], [258, 261], [286, -286], [286, -273], [286, 287], [301, 302], [301, 304]]}, "src/pqc_migration_audit/enterprise_integration.py": {"executed_lines": [], "summary": {"covered_lines": 0, "num_statements": 380, "percent_covered": 0.0, "percent_covered_display": "0", "missing_lines": 380, "excluded_lines": 0, "num_branches": 127, "num_partial_branches": 0, "covered_branches": 0, "missing_branches": 127}, "missing_lines": [3, 4, 5, 6, 7, 8, 9, 10, 11, 12, 13, 14, 15, 16, 17, 20, 21, 22, 23, 24, 25, 27, 28, 29, 32, 34, 35, 36, 37, 38, 39, 40, 41, 44, 46, 47, 48, 49, 50, 51, 54, 55, 57, 58, 59, 60, 61, 62, 63, 64, 65, 66, 67, 68, 69, 72, 73, 75, 76, 77, 78, 79, 80, 81, 82, 85, 88, 89, 90, 91, 92, 95, 96, 97, 100, 102, 104, 105, 107, 109, 111, 113, 115, 116, 117, 118, 121, 122, 123, 124, 127, 132, 138, 145, 147, 149, 150, 151, 153, 155, 156, 157, 158, 160, 162, 167, 168, 170, 171, 172, 173, 174, 175, 176, 177, 178, 180, 182, 184, 185, 187, 188, 189, 194, 197, 199, 202, 203, 204, 205, 207, 210, 212, 213, 215, 217, 219, 220, 221, 223, 226, 229, 232, 233, 234, 244, 253, 254, 256, 257, 258, 259, 261, 264, 265, 266, 272, 295, 297, 299, 300, 302, 303, 305, 306, 307, 308, 309, 310, 311, 312, 314, 316, 319, 334, 341, 343, 346, 362, 363, 365, 367, 369, 387, 389, 397, 399, 401, 409, 411, 413, 415, 416, 419, 420, 421, 424, 425, 428, 431, 432, 434, 435, 436, 437, 438, 439, 440, 442, 443, 445, 447, 449, 450, 452, 453, 455, 457, 459, 460, 461, 464, 467, 468, 469, 470, 473, 474, 479, 482, 484, 487, 508, 511, 512, 514, 516, 517, 518, 520, 524, 525, 526, 529, 530, 531, 532, 533, 534, 535, 536, 537, 538, 539, 540, 542, 543, 544, 547, 549, 576, 577, 578, 579, 580, 581, 582, 585, 586, 587, 599, 610, 615, 616, 618, 619, 621, 622, 623, 624, 625, 626, 628, 629, 634, 636, 637, 640, 641, 643, 644, 647, 650, 651, 652, 654, 655, 657, 659, 660, 662, 667, 668, 670, 671, 672, 673, 675, 677, 679, 681, 682, 684, 685, 686, 687, 688, 689, 690, 691, 692, 694, 697, 700, 701, 702, 703, 704, 706, 709, 711, 712, 713, 714, 717, 718, 720, 723, 735, 736, 737, 739, 740, 741, 742, 743, 748, 749, 750, 756, 758, 759, 760, 761, 762, 766, 768, 770, 772, 778, 780, 781, 783, 784, 786, 788, 794, 795, 797, 798, 803, 806, 807, 808, 809, 811, 813, 815, 817, 825], "excluded_lines": [], "executed_branches": [], "missing_branches": [[54, 55], [54, 56], [72, 73], [72, 74], [116, 117], [116, 121], [123, 124], [123, 127], [155, -153], [155, 156], [170, 171], [170, 172], [172, 173], [172, 174], [174, 175], [174, 180], [187, -182], [187, 188], [188, 187], [188, 189], [202, 203], [202, 204], [204, 205], [204, 207], [212, 213], [212, 215], [229, -229], [229, 232], [233, 234], [233, 244], [256, 257], [256, 258], [258, 259], [258, 261], [265, 266], [265, 272], [299, 300], [299, 302], [305, 306], [305, 307], [307, 308], [307, 309], [309, 310], [309, 311], [311, 312], [311, 314], [362, -362], [362, 363], [419, 420], [419, 424], [434, 435], [434, 457], [436, -411], [436, 434], [436, 437], [437, 438], [437, 442], [445, 436], [445, 447], [452, 453], [452, 455], [511, 512], [511, 514], [529, 530], [529, 533], [533, 534], [533, 537], [537, 538], [537, 542], [577, 578], [577, 579], [579, 580], [579, 581], [581, 582], [581, 585], [586, 587], [586, 599], [621, -610], [621, 622], [622, 621], [622, 623], [623, 624], [623, 628], [640, 641], [640, 643], [643, 644], [643, 647], [650, -634], [650, 651], [651, 650], [651, 652], [670, -657], [670, 671], [671, 670], [671, 672], [672, 673], [672, 675], [684, 685], [684, 686], [686, 687], [686, 688], [688, 689], [688, 694], [711, 712], [711, 713], [713, 714], [713, 717], [735, 736], [735, 768], [736, 737], [736, 739], [740, 741], [740, 748], [741, 742], [741, 756], [748, 749], [748, 756], [780, 781], [780, 806], [783, 784], [783, 786], [794, 780], [794, 795], [806, 807], [806, 808], [808, 809], [808, 811]]}, "src/pqc_migration_audit/error_recovery.py": {"executed_lines": [1, 3, 4, 5, 6, 7, 8, 9, 10, 11, 12, 13, 14, 15, 16, 19, 20, 21, 22, 23, 24, 27, 28, 29, 30, 31, 32, 33, 36, 37, 38, 39, 40, 41, 42, 43, 44, 45, 46, 47, 48, 49, 50, 53, 54, 56, 65, 71, 87, 91, 97, 105, 106, 108, 109, 110, 111, 112, 113, 120, 126, 141, 165, 186, 200, 211, 232, 259, 298, 308, 318, 332, 341, 355, 373, 391, 421, 424, 426, 427, 428, 433, 434, 437, 438], "summary": {"covered_lines": 79, "num_statements": 259, "percent_covered": 25.073746312684367, "percent_covered_display": "25", "missing_lines": 180, "excluded_lines": 0, "num_branches": 80, "num_partial_branches": 0, "covered_branches": 6, "missing_branches": 74}, "missing_lines": [57, 58, 59, 60, 61, 62, 63, 66, 67, 68, 69, 72, 73, 74, 75, 77, 79, 80, 81, 82, 83, 84, 85, 88, 92, 93, 94, 95, 98, 99, 100, 101, 102, 122, 123, 124, 128, 130, 131, 132, 133, 134, 136, 137, 138, 139, 143, 144, 145, 147, 148, 150, 152, 153, 154, 155, 156, 157, 158, 159, 160, 162, 163, 167, 168, 170, 188, 189, 191, 192, 193, 194, 195, 196, 198, 202, 203, 204, 205, 206, 207, 209, 213, 214, 215, 217, 218, 220, 221, 223, 224, 225, 226, 227, 228, 230, 234, 241, 243, 244, 245, 246, 247, 248, 249, 250, 251, 252, 253, 255, 256, 257, 261, 263, 266, 267, 270, 271, 274, 275, 277, 278, 279, 280, 283, 284, 285, 291, 292, 293, 294, 295, 300, 310, 320, 334, 343, 345, 357, 358, 360, 361, 363, 364, 365, 367, 375, 377, 378, 379, 380, 382, 383, 384, 386, 393, 395, 396, 397, 399, 400, 401, 403, 404, 405, 408, 409, 410, 413, 414, 415, 417, 429, 430, 432, 440, 441, 442, 443, 444], "excluded_lines": [], "executed_branches": [[36, 37], [36, 38], [428, 427], [428, 433], [438, -1], [438, 437]], "missing_branches": [[67, 66], [67, 69], [72, 73], [72, 79], [73, 74], [73, 77], [94, -91], [94, 95], [100, -97], [100, 101], [130, 131], [130, 136], [152, 153], [152, 154], [154, 155], [154, 156], [156, 157], [156, 158], [158, 159], [158, 162], [191, 192], [191, 193], [193, 194], [193, 195], [195, 196], [195, 198], [202, 203], [202, 204], [204, 205], [204, 206], [206, 207], [206, 209], [213, 214], [213, 217], [243, 244], [243, 255], [266, 267], [266, 270], [270, 271], [270, 274], [274, 275], [274, 277], [283, 284], [283, 291], [357, 358], [357, 360], [363, 364], [363, 367], [367, -367], [367, -355], [377, 378], [377, 386], [379, 380], [379, 382], [383, 377], [383, 384], [395, 396], [395, 408], [399, 400], [399, 403], [403, 404], [403, 408], [404, 403], [404, 405], [408, 409], [408, 413], [409, 408], [409, 410], [414, 415], [414, 417], [429, 430], [429, 432], [443, -443], [443, 444]]}, "src/pqc_migration_audit/exceptions.py": {"executed_lines": [1, 3, 6, 7, 9, 18, 19, 20, 21, 24, 25, 26, 29, 30, 31, 34, 35, 36, 39, 40, 41, 44, 45, 46, 49, 50, 51, 54, 55, 56, 59, 60, 61, 64, 65, 66, 69, 70, 71, 76, 77, 79, 87, 88, 90, 98, 99, 101, 109, 110, 112, 120, 121, 123, 131, 132, 134, 142, 143, 145, 153, 154, 156, 171, 172, 174, 182, 183, 185, 193, 194, 196, 204, 205, 207, 215, 216, 218, 226, 227, 229, 246, 247, 248, 253, 254, 256, 257, 259, 260, 261, 262, 263, 264, 271, 273, 274, 290, 291, 307, 308, 325, 326], "summary": {"covered_lines": 75, "num_statements": 120, "percent_covered": 58.9041095890411, "percent_covered_display": "59", "missing_lines": 45, "excluded_lines": 0, "num_branches": 26, "num_partial_branches": 1, "covered_branches": 11, "missing_branches": 15}, "missing_lines": [80, 91, 102, 113, 124, 135, 146, 158, 159, 160, 161, 162, 164, 175, 186, 197, 208, 219, 231, 232, 233, 235, 266, 276, 277, 278, 279, 280, 281, 283, 288, 293, 294, 295, 296, 297, 298, 300, 305, 317, 328, 340, 341, 342, 344], "excluded_lines": [], "executed_branches": [[257, 256], [257, 273], [263, 264], [274, 273], [274, 290], [291, 290], [291, 307], [308, 307], [308, 325], [326, -253], [326, 325]], "missing_branches": [[159, 160], [159, 161], [161, 162], [161, 164], [232, 233], [232, 235], [263, 266], [280, 281], [280, 283], [297, 298], [297, 300], [340, 341], [340, 344], [341, 340], [341, 342]]}, "src/pqc_migration_audit/health_monitor.py": {"executed_lines": [], "summary": {"covered_lines": 0, "num_statements": 174, "percent_covered": 0.0, "percent_covered_display": "0", "missing_lines": 174, "excluded_lines": 0, "num_branches": 38, "num_partial_branches": 0, "covered_branches": 0, "missing_branches": 38}, "missing_lines": [3, 4, 5, 6, 7, 8, 9, 10, 13, 15, 16, 17, 18, 21, 22, 24, 25, 26, 27, 28, 29, 32, 35, 36, 37, 38, 46, 48, 51, 52, 53, 56, 57, 58, 61, 63, 65, 67, 69, 70, 71, 73, 74, 75, 76, 77, 78, 80, 81, 83, 96, 97, 106, 108, 110, 111, 112, 113, 115, 116, 117, 118, 119, 120, 122, 123, 125, 139, 140, 149, 151, 153, 155, 156, 157, 159, 160, 161, 162, 163, 164, 166, 167, 169, 183, 184, 193, 195, 197, 206, 207, 209, 210, 211, 212, 213, 214, 215, 217, 219, 220, 221, 223, 224, 226, 238, 240, 242, 243, 246, 247, 248, 251, 252, 254, 255, 256, 258, 259, 261, 263, 276, 277, 286, 288, 290, 291, 294, 296, 297, 298, 300, 301, 302, 303, 305, 307, 316, 318, 320, 322, 323, 326, 327, 328, 331, 334, 337, 338, 340, 343, 346, 347, 348, 349, 350, 351, 353, 354, 356, 358, 370, 371, 380, 382, 384, 385, 388, 389, 390, 391, 392, 393, 395], "excluded_lines": [], "executed_branches": [], "missing_branches": [[21, 22], [21, 23], [73, 74], [73, 76], [76, 77], [76, 80], [115, 116], [115, 118], [118, 119], [118, 122], [159, 160], [159, 162], [162, 163], [162, 166], [209, 210], [209, 217], [219, 220], [219, 223], [246, 247], [246, 261], [251, 252], [251, 254], [254, 255], [254, 258], [326, 327], [326, 331], [346, 347], [346, 349], [349, 350], [349, 353], [384, 385], [384, 388], [388, 389], [388, 390], [390, 391], [390, 392], [392, 393], [392, 395]]}, "src/pqc_migration_audit/health_monitoring.py": {"executed_lines": [], "summary": {"covered_lines": 0, "num_statements": 271, "percent_covered": 0.0, "percent_covered_display": "0", "missing_lines": 271, "excluded_lines": 0, "num_branches": 96, "num_partial_branches": 0, "covered_branches": 0, "missing_branches": 96}, "missing_lines": [3, 4, 5, 6, 7, 8, 9, 10, 11, 12, 13, 14, 17, 19, 20, 21, 22, 23, 26, 28, 29, 30, 31, 34, 35, 37, 38, 39, 40, 41, 42, 43, 45, 47, 48, 49, 50, 52, 55, 56, 58, 59, 60, 61, 62, 63, 64, 65, 66, 69, 72, 73, 74, 75, 76, 77, 78, 81, 92, 100, 101, 103, 105, 106, 107, 109, 110, 111, 112, 113, 115, 117, 118, 120, 121, 122, 123, 124, 126, 128, 129, 130, 131, 132, 133, 134, 135, 137, 139, 141, 143, 144, 147, 148, 151, 152, 153, 156, 157, 158, 161, 162, 164, 166, 168, 169, 172, 174, 177, 178, 179, 182, 183, 184, 185, 188, 189, 192, 193, 195, 199, 200, 201, 203, 212, 213, 215, 218, 220, 222, 223, 230, 231, 239, 242, 244, 254, 257, 258, 259, 260, 261, 264, 265, 266, 267, 268, 269, 271, 273, 275, 276, 279, 280, 281, 282, 285, 286, 288, 289, 290, 291, 293, 296, 298, 300, 301, 303, 305, 307, 309, 310, 313, 316, 318, 320, 322, 323, 326, 327, 329, 330, 331, 332, 338, 341, 342, 343, 344, 346, 349, 361, 375, 377, 378, 380, 381, 382, 384, 392, 394, 396, 397, 400, 403, 404, 405, 406, 407, 408, 411, 412, 413, 414, 415, 416, 419, 420, 421, 422, 425, 426, 427, 429, 431, 434, 436, 438, 439, 440, 442, 444, 446, 448, 450, 451, 452, 453, 454, 455, 459, 462, 464, 466, 467, 468, 469, 470, 471, 473, 477, 480, 482, 483, 484, 485, 486, 487, 488, 490, 491, 492, 493, 494, 495, 496, 497, 499, 500, 501, 502], "excluded_lines": [], "executed_branches": [], "missing_branches": [[34, 35], [34, 36], [47, 48], [47, 49], [49, 50], [49, 52], [55, 56], [55, 57], [105, 106], [105, 109], [117, 118], [117, 120], [122, 123], [122, 124], [128, -126], [128, 129], [183, 184], [183, 188], [212, 213], [212, 215], [222, 223], [222, 230], [230, -220], [230, 231], [257, 258], [257, 264], [264, 265], [264, 266], [266, 267], [266, 268], [268, 269], [268, 271], [275, 276], [275, 279], [280, 281], [280, 285], [281, 280], [281, 282], [285, -285], [285, 286], [286, -286], [286, 288], [288, 289], [288, 290], [290, 291], [290, 293], [300, -298], [300, 301], [307, 309], [307, 313], [322, 323], [322, 326], [329, 330], [329, 341], [330, 329], [330, 331], [341, 342], [341, 343], [343, 344], [343, 346], [381, 382], [381, 384], [396, 397], [396, 400], [403, 404], [403, 411], [405, 406], [405, 407], [407, 408], [407, 411], [411, 412], [411, 419], [413, 414], [413, 415], [415, 416], [415, 419], [419, 420], [419, 425], [421, 422], [421, 425], [426, 427], [426, 429], [438, 439], [438, 442], [450, -448], [450, 451], [451, 450], [451, 452], [466, 467], [466, 468], [468, 469], [468, 470], [470, 471], [470, 473], [485, 484], [485, 501]]}, "src/pqc_migration_audit/logging_config.py": {"executed_lines": [1, 3, 4, 5, 6, 7, 8, 9, 10, 13, 14, 16, 18, 29, 30, 33, 34, 38, 40, 43, 44, 46, 51, 53, 56, 57, 61, 64, 65, 67, 82, 83, 85, 91, 92, 93, 94, 95, 96, 97, 98, 99, 101, 103, 106, 107, 110, 111, 114, 115, 118, 119, 121, 124, 127, 130, 131, 133, 136, 139, 140, 142, 144, 147, 153, 155, 158, 161, 164, 165, 167, 170, 173, 179, 180, 181, 184, 190, 191, 194, 195, 196, 197, 200, 216, 217, 219, 225, 226, 227, 229, 231, 240, 251, 261, 263, 271, 273, 283, 285, 297, 306, 307, 310, 319], "summary": {"covered_lines": 99, "num_statements": 123, "percent_covered": 77.77777777777777, "percent_covered_display": "78", "missing_lines": 24, "excluded_lines": 0, "num_branches": 30, "num_partial_branches": 10, "covered_branches": 20, "missing_branches": 10}, "missing_lines": [58, 59, 70, 71, 72, 73, 74, 75, 76, 77, 79, 122, 134, 156, 168, 201, 207, 208, 210, 211, 212, 213, 242, 253], "excluded_lines": [], "executed_branches": [[29, 30], [29, 33], [33, 34], [33, 40], [34, 33], [34, 38], [56, 57], [56, 61], [57, 56], [106, 107], [114, 115], [114, 118], [121, 124], [130, 131], [133, 136], [139, 140], [155, 158], [164, 165], [167, 170], [200, -142]], "missing_branches": [[57, 58], [106, 110], [121, 122], [130, 133], [133, 134], [139, -103], [155, 156], [164, 167], [167, 168], [200, 201]]}, "src/pqc_migration_audit/metrics.py": {"executed_lines": [], "summary": {"covered_lines": 0, "num_statements": 101, "percent_covered": 0.0, "percent_covered_display": "0", "missing_lines": 101, "excluded_lines": 0, "num_branches": 22, "num_partial_branches": 0, "covered_branches": 0, "missing_branches": 22}, "missing_lines": [2, 3, 4, 5, 6, 9, 12, 19, 27, 34, 42, 48, 54, 62, 69, 76, 84, 90, 96, 103, 109, 115, 118, 119, 120, 122, 124, 125, 127, 128, 129, 131, 132, 135, 136, 138, 139, 140, 141, 143, 144, 146, 147, 149, 154, 155, 157, 162, 163, 165, 170, 171, 173, 178, 179, 181, 186, 187, 189, 194, 195, 197, 199, 200, 202, 204, 205, 207, 209, 211, 212, 213, 214, 215, 217, 218, 219, 220, 221, 222, 223, 227, 229, 230, 234, 236, 237, 239, 241, 242, 243, 244, 245, 246, 250, 251, 252, 256, 258, 259, 262], "excluded_lines": [], "executed_branches": [], "missing_branches": [[147, 146], [147, 154], [155, 154], [155, 162], [163, 162], [163, 170], [171, 170], [171, 178], [179, 178], [179, 186], [187, 186], [187, 194], [195, 194], [195, 199], [200, 199], [200, 204], [205, -115], [205, 204], [213, 212], [213, 236], [243, 242], [243, 258]]}, "src/pqc_migration_audit/models/__init__.py": {"executed_lines": [1, 3, 4, 5, 6, 9, 10, 11, 12, 13, 14, 17, 18, 19, 20, 21, 22, 23, 24, 25, 26, 27, 28, 29, 30, 33, 34, 35, 36, 37, 38, 39, 40, 41, 42, 43, 44, 47, 48, 49, 50, 51, 52, 53, 54, 55, 56, 57, 58, 61, 62, 63, 64, 65, 66, 67, 68, 69, 70, 71, 73, 87, 88, 89, 90, 91, 92, 93, 94, 95, 98, 99, 100, 101, 102, 103, 104, 105, 106, 107, 108, 109, 110, 113], "summary": {"covered_lines": 76, "num_statements": 77, "percent_covered": 98.85057471264368, "percent_covered_display": "99", "missing_lines": 1, "excluded_lines": 0, "num_branches": 10, "num_partial_branches": 0, "covered_branches": 10, "missing_branches": 0}, "missing_lines": [75], "excluded_lines": [], "executed_branches": [[33, 34], [33, 35], [47, 48], [47, 49], [61, 62], [61, 63], [87, 88], [87, 89], [98, 99], [98, 100]], "missing_branches": []}, "src/pqc_migration_audit/monitoring.py": {"executed_lines": [], "summary": {"covered_lines": 0, "num_statements": 299, "percent_covered": 0.0, "percent_covered_display": "0", "missing_lines": 299, "excluded_lines": 0, "num_branches": 114, "num_partial_branches": 0, "covered_branches": 0, "missing_branches": 114}, "missing_lines": [3, 4, 5, 6, 7, 8, 9, 10, 11, 12, 13, 15, 19, 22, 23, 25, 26, 27, 28, 29, 30, 31, 32, 33, 36, 37, 39, 40, 41, 42, 43, 44, 45, 48, 51, 57, 58, 59, 60, 61, 62, 63, 64, 67, 68, 69, 70, 71, 73, 75, 76, 78, 79, 83, 84, 86, 88, 89, 90, 91, 93, 95, 96, 97, 98, 99, 100, 101, 103, 104, 105, 106, 108, 110, 112, 113, 116, 117, 118, 119, 120, 121, 122, 124, 133, 134, 135, 137, 138, 144, 145, 147, 148, 149, 150, 151, 154, 155, 156, 158, 159, 161, 166, 172, 173, 174, 176, 178, 179, 181, 183, 184, 186, 188, 189, 192, 193, 194, 197, 198, 200, 201, 202, 204, 205, 206, 208, 209, 210, 213, 221, 230, 231, 232, 237, 239, 240, 241, 244, 245, 250, 251, 253, 254, 256, 269, 276, 277, 278, 279, 285, 286, 288, 289, 290, 291, 292, 293, 294, 295, 297, 299, 300, 301, 304, 307, 313, 314, 315, 316, 322, 323, 325, 331, 333, 335, 336, 337, 340, 341, 342, 343, 354, 355, 356, 367, 368, 379, 380, 381, 382, 392, 393, 395, 404, 405, 406, 409, 412, 413, 414, 415, 416, 419, 422, 431, 432, 433, 435, 436, 437, 438, 439, 441, 443, 444, 446, 447, 448, 449, 452, 453, 459, 460, 463, 464, 465, 466, 467, 469, 471, 472, 473, 474, 476, 477, 478, 483, 485, 487, 489, 490, 499, 502, 511, 512, 513, 514, 516, 518, 519, 521, 522, 523, 524, 525, 527, 528, 531, 533, 534, 538, 541, 543, 546, 549, 556, 557, 558, 559, 561, 563, 564, 565, 568, 572, 573, 580, 582, 584, 586, 588, 589, 590, 593, 602, 605, 608, 609, 610, 611, 614, 627, 628, 630, 631, 632, 633, 635], "excluded_lines": [], "executed_branches": [], "missing_branches": [[22, 23], [22, 24], [33, -33], [33, -22], [36, 37], [36, 38], [41, -41], [41, 42], [75, 76], [75, 78], [89, 90], [89, 91], [95, -93], [95, 96], [98, 99], [98, 103], [100, 98], [100, 101], [119, 120], [119, 124], [138, 137], [138, 166], [158, 159], [158, 161], [172, -166], [172, 173], [178, -176], [178, 179], [183, -181], [183, 184], [193, 194], [193, 197], [200, 201], [200, 204], [204, 205], [204, 208], [208, 209], [208, 213], [239, -237], [239, 240], [240, 241], [240, 244], [250, 251], [250, 253], [253, -253], [253, 254], [254, -254], [254, 256], [277, -269], [277, 278], [278, 279], [278, 288], [285, 286], [285, 297], [288, 289], [288, 297], [290, 291], [290, 297], [291, 290], [291, 292], [294, 290], [294, 295], [340, 341], [340, 367], [342, 343], [342, 354], [355, 356], [355, 367], [367, 368], [367, 379], [379, -333], [379, 380], [381, -333], [381, 382], [404, 405], [404, 409], [405, 406], [405, 409], [412, -395], [412, 413], [444, 446], [444, 459], [446, 447], [446, 452], [447, 448], [447, 452], [452, 444], [452, 453], [463, 464], [463, 469], [464, 463], [464, 465], [472, 473], [472, 483], [476, 472], [476, 477], [489, -487], [489, 490], [521, 522], [521, 541], [527, 528], [527, 533], [564, 565], [564, 582], [572, 573], [572, 580], [588, -586], [588, 589], [608, 609], [608, 611], [631, 632], [631, 635], [632, 633], [632, 635]]}, "src/pqc_migration_audit/patch_generator.py": {"executed_lines": [], "summary": {"covered_lines": 0, "num_statements": 110, "percent_covered": 0.0, "percent_covered_display": "0", "missing_lines": 110, "excluded_lines": 0, "num_branches": 40, "num_partial_branches": 0, "covered_branches": 0, "missing_branches": 40}, "missing_lines": [3, 4, 5, 6, 7, 9, 12, 14, 15, 16, 17, 18, 21, 22, 25, 26, 27, 28, 29, 30, 31, 33, 34, 35, 36, 37, 40, 43, 45, 47, 61, 62, 65, 66, 69, 70, 71, 74, 76, 78, 87, 90, 93, 94, 95, 96, 99, 102, 104, 106, 108, 325, 327, 328, 339, 341, 343, 344, 345, 346, 347, 348, 350, 352, 355, 356, 359, 365, 366, 367, 370, 371, 372, 374, 376, 379, 390, 391, 392, 393, 398, 399, 400, 401, 406, 411, 416, 428, 431, 433, 434, 435, 437, 457, 460, 461, 464, 479, 484, 500, 502, 503, 505, 506, 507, 509, 511, 513, 548, 550], "excluded_lines": [], "executed_branches": [], "missing_branches": [[21, 22], [21, 23], [34, 35], [34, 36], [36, -33], [36, 37], [61, 62], [61, 65], [65, 66], [65, 69], [70, 71], [70, 74], [93, -93], [93, 94], [94, 95], [94, 99], [343, 344], [343, 345], [345, 346], [345, 347], [347, 348], [347, 350], [355, 356], [355, 359], [366, 367], [366, 370], [370, 371], [370, 374], [371, 370], [371, 372], [391, 392], [391, 398], [392, -392], [392, 393], [399, 400], [399, 406], [502, 503], [502, 505], [506, 507], [506, 509]]}, "src/pqc_migration_audit/performance.py": {"executed_lines": [], "summary": {"covered_lines": 0, "num_statements": 291, "percent_covered": 0.0, "percent_covered_display": "0", "missing_lines": 291, "excluded_lines": 0, "num_branches": 116, "num_partial_branches": 0, "covered_branches": 0, "missing_branches": 116}, "missing_lines": [3, 4, 5, 6, 7, 8, 9, 10, 11, 12, 13, 14, 15, 17, 18, 21, 22, 24, 25, 26, 27, 28, 29, 30, 31, 32, 34, 35, 37, 39, 40, 42, 43, 44, 46, 47, 49, 50, 51, 52, 55, 58, 65, 66, 67, 68, 69, 70, 72, 74, 75, 77, 78, 79, 80, 82, 91, 92, 95, 96, 97, 100, 101, 102, 103, 104, 107, 108, 109, 111, 113, 115, 116, 118, 125, 126, 129, 132, 133, 134, 135, 138, 140, 142, 144, 146, 148, 150, 151, 154, 155, 156, 158, 159, 160, 162, 164, 165, 166, 168, 176, 178, 179, 180, 181, 182, 185, 188, 190, 191, 192, 197, 199, 201, 202, 203, 204, 206, 207, 209, 211, 212, 213, 216, 219, 225, 227, 228, 230, 231, 234, 235, 238, 239, 241, 243, 245, 248, 251, 261, 262, 263, 264, 266, 268, 272, 273, 275, 277, 288, 289, 291, 292, 295, 296, 297, 298, 300, 302, 303, 306, 308, 310, 312, 313, 314, 315, 318, 319, 320, 321, 323, 324, 326, 328, 330, 332, 343, 344, 345, 346, 347, 348, 350, 351, 353, 355, 358, 361, 363, 364, 365, 367, 378, 379, 382, 385, 386, 387, 388, 390, 393, 396, 397, 399, 402, 415, 417, 419, 429, 430, 433, 434, 435, 436, 438, 440, 447, 448, 451, 458, 459, 461, 467, 478, 479, 480, 481, 482, 484, 492, 494, 496, 498, 500, 501, 503, 504, 505, 507, 516, 518, 521, 522, 523, 524, 527, 528, 531, 532, 535, 536, 537, 539, 541, 544, 545, 547, 550, 552, 553, 554, 555, 556, 559, 560, 562, 565, 566, 568, 570, 573, 576, 583, 584, 585, 587, 598, 600, 601, 604, 605, 607, 608, 611, 612, 615, 616, 617, 619, 621], "excluded_lines": [], "executed_branches": [], "missing_branches": [[21, 22], [21, 23], [35, 34], [35, 39], [40, 39], [40, 46], [42, 43], [42, 44], [47, -21], [47, 46], [50, 51], [50, 52], [91, -82], [91, 92], [95, 96], [95, 100], [101, 102], [101, 115], [103, 104], [103, 107], [125, -118], [125, 126], [134, 135], [134, 138], [146, -146], [146, 148], [148, -144], [148, 150], [151, -151], [151, 154], [154, -144], [154, 155], [155, 156], [155, 158], [164, -162], [164, 165], [178, -176], [178, 179], [180, 181], [180, 182], [212, 213], [212, 216], [227, -225], [227, 228], [238, 239], [238, 241], [272, 273], [272, 275], [288, 289], [288, 291], [295, 296], [295, 302], [297, 298], [297, 300], [302, 303], [302, 306], [308, 310], [308, 330], [312, 313], [312, 318], [318, 308], [318, 319], [321, 318], [321, 323], [344, 345], [344, 351], [385, 386], [385, 387], [387, 388], [387, 390], [433, 434], [433, 435], [435, 436], [435, 438], [447, 448], [447, 451], [458, -440], [458, 459], [478, 479], [478, 492], [479, 478], [479, 480], [480, -480], [480, 481], [481, -481], [481, 482], [482, -482], [482, 484], [521, 522], [521, 523], [523, 524], [523, 527], [527, 528], [527, 531], [531, 532], [531, 535], [536, 537], [536, 541], [537, -537], [537, 539], [545, 544], [545, 550], [553, 552], [553, 570], [559, 560], [559, 562], [565, 566], [565, 568], [600, 601], [600, 621], [605, 607], [605, 615], [611, 612], [611, 615], [616, 617], [616, 619]]}, "src/pqc_migration_audit/performance_engine.py": {"executed_lines": [], "summary": {"covered_lines": 0, "num_statements": 439, "percent_covered": 0.0, "percent_covered_display": "0", "missing_lines": 439, "excluded_lines": 0, "num_branches": 161, "num_partial_branches": 0, "covered_branches": 0, "missing_branches": 161}, "missing_lines": [3, 4, 5, 6, 7, 8, 9, 10, 11, 12, 13, 14, 15, 16, 17, 18, 19, 20, 21, 22, 23, 24, 25, 28, 30, 31, 32, 33, 34, 35, 36, 37, 40, 42, 43, 44, 45, 46, 47, 50, 52, 53, 54, 55, 56, 59, 60, 62, 63, 64, 65, 66, 67, 68, 69, 70, 73, 74, 76, 77, 78, 79, 80, 81, 82, 83, 84, 85, 86, 89, 92, 93, 94, 95, 96, 97, 98, 99, 100, 101, 102, 103, 104, 107, 108, 115, 117, 118, 119, 122, 123, 124, 125, 128, 129, 131, 132, 134, 135, 137, 139, 141, 142, 143, 144, 145, 147, 150, 151, 152, 155, 156, 159, 160, 163, 164, 165, 167, 175, 176, 177, 178, 180, 182, 184, 185, 187, 189, 191, 193, 195, 197, 199, 203, 204, 206, 208, 210, 212, 213, 214, 216, 218, 219, 222, 223, 225, 226, 227, 228, 231, 234, 237, 238, 241, 244, 246, 248, 249, 250, 251, 252, 253, 255, 257, 258, 260, 272, 274, 275, 276, 277, 278, 279, 281, 283, 284, 287, 288, 289, 292, 293, 294, 295, 296, 299, 300, 301, 302, 304, 305, 306, 309, 310, 311, 312, 315, 318, 319, 320, 324, 325, 326, 329, 332, 337, 338, 341, 342, 343, 346, 347, 349, 351, 353, 354, 355, 356, 357, 359, 361, 362, 363, 364, 365, 367, 369, 370, 372, 374, 385, 388, 389, 391, 393, 394, 395, 397, 399, 400, 403, 404, 406, 408, 409, 415, 416, 417, 419, 421, 426, 427, 429, 431, 433, 434, 435, 437, 439, 444, 445, 446, 447, 448, 451, 454, 455, 456, 457, 458, 459, 461, 464, 465, 466, 468, 470, 472, 475, 476, 477, 480, 483, 484, 485, 487, 489, 491, 496, 497, 500, 501, 504, 505, 506, 509, 510, 511, 515, 517, 519, 521, 522, 523, 524, 525, 526, 528, 530, 531, 532, 533, 534, 535, 537, 539, 540, 541, 542, 543, 545, 547, 549, 550, 553, 554, 557, 558, 560, 564, 565, 568, 569, 572, 573, 575, 578, 581, 582, 583, 586, 587, 589, 591, 594, 595, 596, 598, 600, 601, 603, 605, 606, 608, 609, 611, 612, 613, 615, 617, 618, 620, 621, 622, 623, 625, 627, 628, 630, 633, 634, 635, 638, 639, 640, 641, 643, 645, 647, 649, 650, 651, 659, 682, 684, 685, 686, 687, 691, 695, 697, 698, 699, 702, 704, 705, 706, 707, 710, 711, 712, 715, 716, 718, 719, 720, 723, 725, 726, 728, 730, 731, 732, 735, 737, 740, 742, 743, 744, 746, 749, 750, 752, 754, 755, 756, 757, 758, 759, 761, 762, 765, 767, 768, 772, 774, 777, 778, 782], "excluded_lines": [], "executed_branches": [], "missing_branches": [[59, 60], [59, 61], [73, 74], [73, 75], [117, -115], [117, 118], [118, 119], [118, 134], [122, 123], [122, 128], [139, -137], [139, 141], [150, 151], [150, 155], [155, 156], [155, 159], [159, 160], [159, 163], [164, 165], [164, 167], [184, 185], [184, 187], [189, 191], [189, 193], [191, -191], [191, 212], [193, 195], [193, 197], [195, -195], [195, 212], [197, 199], [197, 208], [203, 204], [203, 206], [204, -204], [204, 212], [206, -206], [206, 212], [208, 210], [208, 212], [212, -182], [212, 213], [218, 219], [218, 222], [225, 226], [225, 244], [244, -244], [244, -216], [248, -246], [248, 249], [274, -272], [274, 275], [283, 284], [283, 287], [288, 289], [288, 292], [293, 294], [293, 299], [294, 295], [294, 296], [299, 300], [299, 309], [310, -281], [310, 311], [311, -281], [311, 312], [353, -351], [353, 354], [361, -359], [361, 362], [363, 364], [363, 365], [369, -367], [369, 370], [388, 389], [388, 391], [399, -397], [399, 400], [403, 399], [403, 404], [408, 409], [408, 415], [416, 415], [416, 437], [444, 445], [444, 451], [447, 448], [447, 451], [454, 455], [454, 456], [456, 457], [456, 458], [458, 459], [458, 461], [464, 465], [464, 468], [475, 476], [475, 483], [476, 477], [476, 480], [483, 484], [483, 489], [484, 485], [484, 487], [496, 497], [496, 500], [500, 501], [500, 504], [504, -504], [504, 505], [505, -505], [505, 506], [509, 510], [509, 511], [511, -511], [511, 515], [511, 517], [549, 550], [549, 553], [557, -547], [557, 558], [564, 565], [564, 568], [568, 569], [568, 572], [572, -560], [572, 573], [586, 587], [586, 589], [594, -591], [594, 595], [605, 606], [605, 608], [611, 612], [611, 613], [617, 618], [617, 620], [621, 622], [621, 623], [627, 628], [627, 630], [639, 640], [639, 641], [650, 651], [650, 659], [706, 705], [706, 719], [711, 712], [711, 715], [726, 725], [726, 737], [744, 743], [744, 767], [749, 750], [749, 765], [752, 754], [752, 765], [755, 756], [755, 762], [758, 759], [758, 761]]}, "src/pqc_migration_audit/performance_engine_advanced.py": {"executed_lines": [], "summary": {"covered_lines": 0, "num_statements": 375, "percent_covered": 0.0, "percent_covered_display": "0", "missing_lines": 375, "excluded_lines": 0, "num_branches": 120, "num_partial_branches": 0, "covered_branches": 0, "missing_branches": 120}, "missing_lines": [3, 4, 5, 6, 7, 8, 9, 10, 11, 12, 13, 14, 15, 16, 17, 18, 20, 23, 25, 26, 27, 28, 31, 33, 34, 35, 36, 39, 40, 42, 43, 44, 45, 46, 47, 48, 49, 52, 53, 55, 56, 57, 58, 59, 62, 65, 72, 73, 74, 75, 76, 77, 78, 79, 80, 83, 86, 87, 89, 98, 99, 100, 103, 104, 105, 106, 107, 110, 111, 112, 115, 116, 117, 119, 120, 122, 123, 125, 133, 135, 136, 137, 138, 141, 142, 145, 146, 149, 155, 156, 157, 158, 161, 162, 164, 170, 171, 172, 173, 175, 176, 178, 179, 181, 183, 184, 186, 188, 189, 191, 192, 194, 197, 199, 201, 203, 204, 206, 208, 210, 211, 212, 213, 215, 217, 223, 224, 226, 237, 239, 240, 241, 242, 243, 244, 245, 248, 251, 257, 258, 261, 262, 263, 266, 267, 268, 269, 271, 273, 274, 275, 276, 278, 280, 281, 282, 284, 286, 287, 288, 289, 292, 293, 296, 298, 300, 301, 302, 304, 310, 311, 312, 314, 325, 327, 328, 329, 331, 337, 338, 341, 342, 343, 344, 345, 348, 349, 350, 351, 352, 354, 356, 358, 361, 363, 364, 366, 368, 370, 372, 373, 375, 381, 383, 389, 390, 392, 394, 395, 397, 408, 411, 417, 418, 421, 422, 423, 424, 427, 428, 429, 431, 437, 440, 442, 456, 457, 460, 462, 463, 464, 465, 466, 467, 470, 472, 481, 482, 485, 486, 487, 488, 490, 492, 505, 506, 508, 509, 510, 511, 512, 513, 514, 515, 517, 518, 520, 522, 535, 536, 538, 540, 546, 547, 548, 549, 550, 551, 552, 553, 557, 559, 560, 562, 564, 577, 578, 581, 583, 585, 586, 587, 588, 591, 592, 593, 594, 595, 596, 597, 598, 600, 601, 603, 605, 606, 617, 618, 619, 620, 621, 622, 623, 624, 626, 632, 633, 635, 636, 638, 649, 652, 658, 659, 662, 663, 668, 669, 671, 672, 675, 676, 678, 679, 685, 686, 688, 689, 692, 693, 695, 696, 702, 703, 704, 706, 721, 722, 724, 728, 741, 742, 743, 746, 747, 748, 750, 751, 753, 754, 755, 758, 759, 764, 765, 766, 767, 770, 772, 774, 784, 786, 787, 795, 796, 798, 800, 802, 808, 809, 810, 812, 822, 824, 825], "excluded_lines": [], "executed_branches": [], "missing_branches": [[39, 40], [39, 41], [52, 53], [52, 54], [98, -89], [98, 99], [99, 100], [99, 122], [103, 104], [103, 110], [104, 105], [104, 110], [115, 116], [115, 117], [133, -125], [133, 135], [141, 142], [141, 145], [145, 146], [145, 149], [161, 133], [161, 162], [170, -164], [170, 171], [175, 176], [175, 178], [178, -164], [178, 179], [183, 184], [183, 186], [186, 188], [186, 189], [189, 191], [189, 192], [191, -191], [191, 199], [192, 194], [192, 197], [194, -194], [194, 199], [203, 204], [203, 206], [208, -201], [208, 210], [210, 211], [210, 212], [212, 213], [212, 215], [239, -237], [239, 240], [273, -271], [273, 274], [281, -278], [281, 282], [286, -284], [286, 287], [292, 293], [292, 296], [341, 342], [341, 348], [343, 344], [343, 348], [348, -331], [348, 349], [350, -331], [350, 351], [389, 390], [389, 392], [394, -394], [394, 395], [395, -395], [395, 397], [456, 457], [456, 460], [462, 463], [462, 464], [464, 465], [464, 466], [466, 467], [466, 470], [481, 482], [481, 485], [485, 486], [485, 487], [487, 488], [487, 490], [508, 509], [508, 517], [538, 540], [538, 559], [546, 538], [546, 547], [583, 585], [583, 600], [586, 587], [586, 591], [591, 583], [591, 592], [606, 605], [606, 626], [618, 619], [618, 624], [632, 633], [632, 635], [675, -652], [675, 676], [679, 678], [679, 706], [721, 722], [721, 724], [746, 747], [746, 758], [750, 751], [750, 753], [758, 759], [758, 772], [764, 765], [764, 772], [765, 766], [765, 770]]}, "src/pqc_migration_audit/performance_optimizer.py": {"executed_lines": [], "summary": {"covered_lines": 0, "num_statements": 332, "percent_covered": 0.0, "percent_covered_display": "0", "missing_lines": 332, "excluded_lines": 0, "num_branches": 106, "num_partial_branches": 0, "covered_branches": 0, "missing_branches": 106}, "missing_lines": [3, 4, 5, 6, 7, 8, 9, 10, 11, 12, 13, 14, 15, 16, 17, 18, 19, 21, 22, 25, 26, 28, 29, 30, 31, 32, 33, 34, 35, 36, 39, 42, 43, 44, 45, 46, 48, 50, 51, 52, 53, 55, 57, 58, 59, 61, 63, 64, 65, 66, 68, 69, 70, 73, 74, 75, 79, 80, 81, 82, 83, 85, 86, 88, 89, 90, 92, 93, 96, 99, 100, 101, 102, 103, 105, 107, 108, 109, 110, 111, 112, 113, 114, 116, 118, 119, 120, 121, 122, 124, 126, 127, 128, 129, 130, 132, 134, 135, 136, 138, 148, 151, 152, 153, 154, 155, 157, 160, 162, 163, 165, 167, 173, 174, 175, 176, 177, 178, 179, 181, 183, 185, 186, 188, 192, 193, 194, 197, 198, 199, 202, 205, 207, 209, 210, 212, 215, 218, 219, 220, 221, 223, 226, 228, 229, 230, 233, 235, 236, 237, 238, 240, 242, 244, 247, 248, 249, 252, 255, 256, 257, 259, 262, 264, 265, 266, 267, 269, 270, 271, 272, 274, 275, 278, 279, 280, 281, 282, 283, 284, 287, 290, 291, 292, 293, 294, 295, 297, 298, 300, 303, 306, 307, 309, 312, 313, 314, 315, 316, 317, 319, 320, 323, 326, 327, 328, 329, 330, 331, 332, 333, 335, 339, 340, 341, 343, 344, 345, 346, 347, 348, 349, 351, 352, 353, 355, 358, 361, 362, 363, 364, 365, 368, 369, 370, 371, 373, 374, 375, 378, 379, 380, 381, 382, 384, 387, 388, 389, 390, 391, 393, 395, 400, 402, 407, 409, 411, 413, 425, 428, 429, 430, 431, 433, 437, 438, 439, 441, 444, 447, 450, 451, 453, 455, 458, 459, 460, 463, 464, 466, 467, 468, 469, 470, 473, 475, 485, 488, 491, 494, 495, 496, 497, 498, 500, 501, 503, 504, 511, 512, 514, 515, 522, 526, 527, 530, 532, 533, 535, 537, 545, 548, 549, 550, 557, 560, 561, 562, 563, 564, 565, 567, 570, 571, 574, 607, 609, 612, 615, 618, 619, 620], "excluded_lines": [], "executed_branches": [], "missing_branches": [[25, 26], [25, 27], [50, -48], [50, 51], [58, -55], [58, 59], [63, -61], [63, 64], [68, 69], [68, 79], [74, 75], [74, 79], [81, 82], [81, 83], [86, -39], [86, 85], [107, -105], [107, 108], [118, -116], [118, 119], [121, 118], [121, 122], [126, -124], [126, 127], [128, 129], [128, 130], [134, -132], [134, 135], [162, 163], [162, 181], [163, 162], [163, 165], [165, 163], [165, 167], [173, 165], [173, 174], [185, -183], [185, 186], [198, 199], [198, 202], [228, 229], [228, 233], [236, 237], [236, 242], [237, 238], [237, 240], [247, -244], [247, 248], [265, 266], [265, 300], [271, 272], [271, 274], [278, 279], [278, 287], [280, 281], [280, 283], [290, 265], [290, 291], [292, 293], [292, 295], [313, -309], [313, 314], [314, 313], [314, 315], [319, -309], [319, 320], [343, 344], [343, 355], [346, 347], [346, 348], [348, 349], [348, 351], [361, 362], [361, 368], [368, 369], [368, 378], [370, 371], [370, 373], [378, 379], [378, 393], [380, 381], [380, 391], [382, 384], [382, 387], [437, -433], [437, 438], [459, 460], [459, 463], [466, 467], [466, 473], [468, 466], [468, 469], [473, -473], [473, 475], [501, 500], [501, 530], [532, 533], [532, 535], [535, -535], [535, 537], [560, 561], [560, 562], [562, 563], [562, 564], [564, 565], [564, 567]]}, "src/pqc_migration_audit/performance_simple.py": {"executed_lines": [], "summary": {"covered_lines": 0, "num_statements": 180, "percent_covered": 0.0, "percent_covered_display": "0", "missing_lines": 180, "excluded_lines": 0, "num_branches": 74, "num_partial_branches": 0, "covered_branches": 0, "missing_branches": 74}, "missing_lines": [3, 4, 5, 6, 7, 8, 9, 10, 11, 12, 13, 15, 18, 19, 21, 22, 23, 24, 25, 26, 27, 29, 30, 32, 34, 35, 37, 38, 39, 41, 42, 44, 45, 46, 47, 50, 53, 59, 60, 61, 62, 64, 66, 67, 69, 70, 71, 72, 74, 83, 84, 86, 87, 88, 90, 91, 93, 100, 101, 104, 106, 107, 109, 111, 113, 114, 115, 117, 124, 126, 127, 128, 131, 134, 141, 142, 143, 145, 156, 157, 159, 160, 163, 164, 165, 166, 168, 170, 171, 174, 176, 182, 183, 184, 185, 187, 188, 190, 192, 194, 196, 198, 201, 204, 206, 207, 209, 220, 223, 226, 227, 228, 229, 231, 234, 236, 237, 240, 251, 253, 255, 265, 266, 267, 268, 270, 272, 274, 275, 278, 284, 285, 287, 289, 299, 300, 301, 302, 304, 311, 313, 315, 317, 319, 321, 322, 324, 325, 326, 328, 330, 332, 335, 337, 338, 339, 340, 341, 344, 345, 347, 350, 351, 353, 355, 358, 359, 361, 364, 367, 373, 375, 386, 388, 389, 392, 393, 394, 396, 398], "excluded_lines": [], "executed_branches": [], "missing_branches": [[18, 19], [18, 20], [30, 29], [30, 34], [35, 34], [35, 41], [37, 38], [37, 39], [42, -18], [42, 41], [45, 46], [45, 47], [83, -74], [83, 84], [86, 87], [86, 90], [100, -93], [100, 101], [104, 106], [104, 109], [113, -111], [113, 114], [126, -124], [126, 127], [156, 157], [156, 159], [163, 164], [163, 170], [165, 166], [165, 168], [170, 171], [170, 174], [174, 176], [174, 194], [182, 174], [182, 183], [226, 227], [226, 228], [228, 229], [228, 231], [265, 266], [265, 267], [267, 268], [267, 270], [274, 275], [274, 278], [284, -272], [284, 285], [299, 300], [299, 311], [300, 299], [300, 301], [301, -301], [301, 302], [302, -302], [302, 304], [321, 322], [321, 324], [325, 326], [325, 330], [326, -326], [326, 328], [338, 337], [338, 355], [344, 345], [344, 347], [350, 351], [350, 353], [359, 358], [359, 364], [388, 389], [388, 398], [393, 394], [393, 396]]}, "src/pqc_migration_audit/quantum_threat_intelligence.py": {"executed_lines": [], "summary": {"covered_lines": 0, "num_statements": 551, "percent_covered": 0.0, "percent_covered_display": "0", "missing_lines": 551, "excluded_lines": 0, "num_branches": 229, "num_partial_branches": 0, "covered_branches": 0, "missing_branches": 229}, "missing_lines": [3, 4, 5, 6, 7, 8, 9, 10, 11, 12, 13, 14, 15, 16, 17, 18, 19, 20, 21, 22, 24, 25, 28, 30, 31, 32, 33, 34, 35, 38, 40, 41, 42, 43, 44, 45, 46, 47, 50, 51, 53, 54, 55, 56, 57, 58, 59, 60, 61, 62, 63, 64, 65, 66, 67, 70, 71, 73, 74, 75, 76, 77, 78, 79, 80, 81, 82, 85, 88, 89, 92, 97, 98, 99, 101, 105, 108, 134, 153, 154, 156, 158, 159, 161, 163, 164, 165, 166, 168, 170, 171, 172, 175, 176, 177, 178, 179, 180, 181, 182, 185, 187, 188, 190, 191, 193, 195, 198, 199, 201, 202, 204, 206, 207, 209, 210, 211, 212, 213, 215, 216, 219, 220, 221, 223, 224, 226, 227, 230, 248, 250, 251, 252, 254, 255, 256, 258, 260, 262, 263, 265, 266, 268, 269, 270, 271, 272, 274, 275, 276, 277, 278, 280, 283, 284, 286, 288, 291, 292, 293, 294, 296, 298, 300, 308, 311, 313, 314, 315, 317, 319, 321, 324, 325, 326, 327, 330, 331, 332, 333, 334, 335, 336, 337, 339, 341, 344, 345, 348, 351, 354, 356, 358, 360, 361, 363, 376, 377, 378, 380, 382, 384, 393, 402, 403, 404, 40
[...]
"executed_branches": [[34, 35], [34, 36], [99, 98], [99, 142], [159, 160], [159, 168], [160, 159], [168, -142], [183, 186], [189, 194], [196, 197], [196, 204], [197, 196], [197, 198], [224, 226], [224, 233], [226, -226], [226, 224], [226, 227], [244, 247], [251, -235], [288, 291], [293, 294], [293, 301], [294, 293], [294, 295], [310, 311], [436, 439], [439, 443], [443, -443], [443, 443], [443, 446], [452, 461], [504, 507], [517, 528]], "missing_branches": [[160, 161], [168, 169], [170, -142], [170, 171], [183, 184], [189, 191], [244, 245], [251, 253], [264, -235], [264, 265], [288, 289], [310, 314], [314, 315], [314, 327], [332, -303], [332, 333], [369, -347], [369, 370], [394, 395], [394, 398], [436, 437], [439, 440], [452, 453], [453, 454], [453, 455], [455, 457], [455, 461], [458, -458], [458, 459], [458, 461], [472, 473], [472, 476], [477, -477], [477, 480], [486, 487], [486, 490], [490, 491], [490, 493], [504, 505], [517, 518], [518, 519], [518, 526], [519, 520], [519, 522], [540, 541], [540, 547], [541, 542], [541, 543], [543, 544], [543, 545], [547, 549], [547, 551], [551, 552], [551, 557], [553, 554], [553, 555], [557, 558], [557, 563], [563, 564], [563, 569], [564, 565], [564, 566]]}, "src/pqc_migration_audit/security_scanner.py": {"executed_lines": [], "summary": {"covered_lines": 0, "num_statements": 105, "percent_covered": 0.0, "percent_covered_display": "0", "missing_lines": 105, "excluded_lines": 0, "num_branches": 41, "num_partial_branches": 0, "covered_branches": 0, "missing_branches": 41}, "missing_lines": [3, 4, 5, 6, 7, 8, 9, 11, 14, 16, 17, 18, 19, 22, 23, 25, 26, 27, 28, 29, 30, 31, 34, 37, 38, 39, 67, 69, 71, 73, 74, 75, 86, 87, 96, 99, 100, 101, 104, 105, 108, 110, 111, 120, 121, 123, 125, 128, 130, 132, 133, 134, 136, 138, 148, 150, 152, 154, 155, 156, 157, 158, 159, 161, 163, 165, 171, 173, 175, 178, 179, 180, 189, 190, 193, 194, 195, 205, 208, 211, 212, 214, 216, 223, 224, 225, 228, 229, 230, 231, 232, 235, 236, 238, 240, 242, 244, 250, 251, 254, 255, 257, 259, 260, 261], "excluded_lines": [], "executed_branches": [], "missing_branches": [[22, 23], [22, 24], [74, 75], [74, 86], [86, 87], [86, 99], [99, 100], [99, 104], [104, 105], [104, 108], [110, 111], [110, 120], [132, 133], [132, 148], [133, 132], [133, 134], [154, -154], [154, 155], [154, 156], [156, 157], [156, 158], [158, 159], [158, 161], [179, 180], [179, 193], [193, -193], [193, 194], [194, 195], [194, 205], [223, 224], [223, 228], [229, 230], [229, 235], [231, 232], [231, 235], [235, 236], [235, 238], [250, 251], [250, 254], [254, 255], [254, 257]]}, "src/pqc_migration_audit/services/__init__.py": {"executed_lines": [1, 3, 4, 5, 7], "summary": {"covered_lines": 4, "num_statements": 4, "percent_covered": 100.0, "percent_covered_display": "100", "missing_lines": 0, "excluded_lines": 0, "num_branches": 0, "num_partial_branches": 0, "covered_branches": 0, "missing_branches": 0}, "missing_lines": [], "excluded_lines": [], "executed_branches": [], "missing_branches": []}, "src/pqc_migration_audit/services/compliance_service.py": {"executed_lines": [1, 3, 4, 5, 7, 8, 11, 12, 14, 18, 60, 106, 229, 276, 295, 330, 345, 395, 403, 417, 429, 458, 502, 513, 532], "summary": {"covered_lines": 23, "num_statements": 165, "percent_covered": 9.019607843137255, "percent_covered_display": "9", "missing_lines": 142, "excluded_lines": 0, "num_branches": 90, "num_partial_branches": 0, "covered_branches": 0, "missing_branches": 90}, "missing_lines": [16, 29, 30, 32, 35, 36, 38, 39, 40, 42, 45, 46, 49, 51, 71, 72, 74, 75, 76, 77, 80, 83, 86, 88, 104, 108, 232, 234, 236, 238, 240, 242, 245, 247, 250, 252, 255, 256, 258, 260, 262, 264, 266, 268, 270, 274, 281, 282, 284, 285, 286, 287, 288, 289, 290, 291, 293, 300, 301, 303, 306, 307, 308, 309, 312, 313, 314, 315, 316, 318, 320, 334, 335, 336, 337, 338, 339, 340, 341, 343, 350, 351, 352, 353, 354, 355, 358, 359, 360, 362, 363, 372, 373, 374, 375, 377, 379, 397, 398, 399, 400, 401, 405, 415, 419, 427, 432, 434, 435, 436, 439, 440, 442, 443, 444, 445, 446, 448, 456, 461, 500, 504, 522, 523, 524, 525, 526, 527, 528, 530, 536, 537, 538, 540, 572, 573, 574, 585, 586, 587, 594, 595], "excluded_lines": [], "executed_branches": [], "missing_branches": [[29, 30], [29, 32], [38, 39], [38, 45], [39, 40], [39, 42], [71, 72], [71, 74], [75, 76], [75, 80], [76, 75], [76, 77], [234, 236], [234, 238], [238, 240], [238, 242], [242, 245], [242, 247], [247, 250], [247, 252], [252, 255], [252, 258], [255, -255], [255, 256], [258, 260], [258, 264], [264, 266], [264, 268], [268, 270], [268, 274], [284, 285], [284, 286], [286, 287], [286, 288], [288, 289], [288, 290], [290, 291], [290, 293], [300, 301], [300, 303], [301, -301], [301, 306], [307, 308], [307, 312], [308, 307], [308, 309], [313, 314], [313, 318], [334, 335], [334, 336], [336, 337], [336, 338], [338, 339], [338, 340], [340, 341], [340, 343], [351, 352], [351, 358], [352, 351], [352, 353], [353, 354], [353, 355], [362, 363], [362, 379], [372, 373], [372, 374], [374, 375], [374, 377], [397, 398], [397, 401], [399, 400], [399, 401], [434, 435], [434, 456], [443, 444], [443, 445], [445, 446], [445, 448], [522, 523], [522, 525], [523, -513], [523, 524], [525, 526], [525, 530], [527, -513], [527, 528], [572, 573], [572, 585], [586, 587], [586, 594]]}, "src/pqc_migration_audit/services/inventory_service.py": {"executed_lines": [1, 3, 4, 5, 6, 7, 8, 10, 11, 14, 15, 17, 22, 58, 75, 120, 143, 185, 208, 225, 254, 289, 299, 316, 348, 387, 415, 476, 517, 543, 556, 570, 590], "summary": {"covered_lines": 31, "num_statements": 246, "percent_covered": 8.179419525065963, "percent_covered_display": "8", "missing_lines": 215, "excluded_lines": 0, "num_branches": 133, "num_partial_branches": 0, "covered_branches": 0, "missing_branches": 133}, "missing_lines": [19, 20, 32, 35, 38, 40, 56, 68, 69, 70, 71, 73, 77, 80, 81, 82, 83, 84, 87, 88, 89, 92, 95, 96, 102, 104, 116, 118, 122, 124, 125, 126, 127, 128, 129, 130, 131, 132, 133, 134, 135, 136, 137, 138, 139, 141, 145, 151, 153, 154, 155, 156, 157, 162, 163, 164, 165, 166, 171, 172, 173, 174, 175, 179, 181, 183, 187, 189, 190, 191, 192, 193, 195, 196, 197, 198, 199, 200, 202, 203, 204, 206, 210, 212, 213, 214, 216, 217, 218, 219, 220, 221, 223, 227, 229, 230, 231, 234, 235, 236, 237, 238, 239, 240, 241, 242, 243, 244, 245, 246, 247, 248, 249, 250, 252, 257, 260, 274, 276, 277, 278, 279, 287, 292, 297, 301, 310, 311, 312, 314, 321, 322, 323, 325, 326, 327, 330, 331, 332, 335, 336, 337, 339, 351, 354, 355, 360, 361, 364, 369, 370, 373, 374, 375, 376, 378, 380, 389, 392, 393, 394, 397, 398, 399, 401, 402, 403, 406, 413, 418, 443, 445, 446, 466, 467, 472, 474, 479, 493, 495, 496, 513, 515, 519, 522, 523, 524, 525, 526, 527, 529, 530, 539, 541, 545, 554, 558, 579, 580, 581, 582, 583, 584, 585, 586, 588, 592, 594, 596, 597, 601, 603, 604, 605, 613], "excluded_lines": [], "executed_branches": [], "missing_branches": [[68, 69], [68, 70], [70, 71], [70, 73], [81, 82], [81, 87], [82, 83], [82, 84], [87, 88], [87, 118], [88, -88], [88, 89], [95, -95], [95, 96], [124, -124], [124, 125], [124, 126], [126, -126], [126, 127], [126, 128], [128, -128], [128, 129], [128, 130], [130, -130], [130, 131], [130, 132], [132, -132], [132, 133], [132, 134], [134, -134], [134, 135], [134, 136], [136, -136], [136, 137], [136, 138], [138, -138], [138, 139], [138, 141], [154, 155], [154, 162], [163, 164], [163, 171], [172, 173], [172, 183], [190, 191], [190, 206], [191, 190], [191, 192], [193, 191], [193, 195], [195, 196], [195, 198], [198, 199], [198, 202], [213, 214], [213, 216], [216, 217], [216, 223], [217, 216], [217, 218], [218, 216], [218, 219], [230, 231], [230, 234], [235, 236], [235, 252], [237, 238], [237, 240], [240, 241], [240, 243], [243, 235], [243, 244], [245, 235], [245, 246], [276, 277], [276, 287], [278, -278], [278, 276], [278, 279], [297, -297], [297, -289], [310, 311], [310, 314], [311, 310], [311, 312], [322, 323], [322, 325], [326, 327], [326, 330], [331, 332], [331, 335], [336, 337], [336, 339], [360, 361], [360, 364], [369, 370], [369, 373], [373, 374], [373, 375], [375, 376], [375, 378], [393, 394], [393, 397], [398, 399], [398, 401], [402, 403], [402, 406], [445, 446], [445, 474], [466, 467], [466, 472], [495, 496], [495, 515], [523, 524], [523, 529], [525, 526], [525, 527], [529, 530], [529, 541], [579, 580], [579, 582], [580, -570], [580, 581], [582, 583], [582, 585], [583, -570], [583, 584], [585, 586], [585, 588], [596, -590], [596, 597], [604, 596], [604, 605]]}, "src/pqc_migration_audit/services/migration_service.py": {"executed_lines": [1, 3, 4, 5, 7, 8, 14, 15, 17, 22, 75, 110, 135, 175, 199, 219, 241, 253, 290, 308, 327, 419, 471, 496, 505, 556, 565, 588, 606, 620, 631], "summary": {"covered_lines": 29, "num_statements": 174, "percent_covered": 10.943396226415095, "percent_covered_display": "11", "missing_lines": 145, "excluded_lines": 0, "num_branches": 91, "num_partial_branches": 0, "covered_branches": 0, "missing_branches": 91}, "missing_lines": [19, 20, 35, 37, 40, 43, 46, 49, 50, 52, 73, 78, 80, 82, 85, 88, 91, 93, 105, 108, 115, 116, 117, 118, 119, 121, 124, 125, 126, 127, 128, 130, 133, 137, 145, 155, 156, 157, 158, 159, 160, 161, 162, 165, 172, 173, 179, 189, 190, 191, 192, 195, 197, 201, 204, 205, 206, 209, 210, 213, 214, 215, 217, 221, 224, 225, 226, 227, 230, 231, 232, 233, 236, 237, 239, 244, 245, 246, 247, 248, 249, 251, 255, 256, 273, 292, 310, 332, 335, 338, 339, 340, 342, 344, 345, 346, 360, 361, 362, 376, 377, 378, 393, 411, 422, 425, 444, 450, 457, 459, 475, 476, 477, 480, 481, 482, 485, 490, 498, 500, 501, 503, 509, 512, 513, 522, 523, 532, 533, 542, 550, 558, 559, 560, 561, 563, 567, 590, 593, 596, 599, 601, 608, 622, 633], "excluded_lines": [], "executed_branches": [], "missing_branches": [[35, 37], [35, 40], [52, -52], [52, 73], [80, 82], [80, 108], [108, -108], [108, -75], [115, 116], [115, 124], [116, 117], [116, 118], [118, 119], [118, 121], [124, 125], [124, 133], [125, 126], [125, 127], [127, 128], [127, 130], [156, 157], [156, 165], [157, 158], [157, 159], [159, 160], [159, 161], [161, 162], [161, 165], [189, 190], [189, 191], [191, 192], [191, 195], [204, 205], [204, 209], [213, 214], [213, 217], [224, 225], [224, 226], [226, 227], [226, 230], [230, 231], [230, 232], [232, 233], [232, 236], [244, 245], [244, 246], [246, 247], [246, 248], [248, 249], [248, 251], [255, 256], [255, 273], [332, -332], [332, 335], [344, 345], [344, 360], [345, -345], [345, 346], [360, 361], [360, 376], [361, -361], [361, 362], [376, 377], [376, 393], [377, -377], [377, 378], [422, -422], [422, 425], [444, -444], [444, 450], [476, 477], [476, 480], [481, 482], [481, 485], [500, 501], [500, 503], [512, 513], [512, 522], [522, -522], [522, 523], [522, 532], [532, 533], [532, 542], [558, -558], [558, 559], [558, 560], [560, -560], [560, 561], [560, 563], [590, -590], [590, 593]]}, "src/pqc_migration_audit/simple_scanner.py": {"executed_lines": [], "summary": {"covered_lines": 0, "num_statements": 104, "percent_covered": 0.0, "percent_covered_display": "0", "missing_lines": 104, "excluded_lines": 2, "num_branches": 45, "num_partial_branches": 0, "covered_branches": 0, "missing_branches": 45}, "missing_lines": [6, 7, 8, 9, 10, 11, 13, 16, 17, 19, 20, 21, 22, 25, 31, 33, 36, 56, 66, 67, 68, 71, 73, 74, 77, 78, 79, 80, 82, 85, 86, 87, 88, 89, 90, 91, 93, 96, 104, 111, 113, 115, 117, 118, 119, 120, 122, 123, 124, 125, 126, 127, 129, 131, 133, 135, 136, 137, 140, 141, 142, 145, 148, 149, 150, 152, 164, 165, 166, 168, 180, 181, 182, 184, 195, 196, 198, 200, 202, 211, 213, 215, 216, 217, 218, 220, 221, 222, 223, 224, 226, 227, 228, 230, 231, 233, 236, 238, 240, 241, 242, 244, 245, 246], "excluded_lines": [249, 250], "executed_branches": [], "missing_branches": [[16, 17], [16, 18], [73, 74], [73, 77], [78, 79], [78, 82], [79, 80], [79, 85], [85, 86], [85, 93], [119, 120], [119, 127], [120, 119], [120, 122], [122, -122], [122, 123], [122, 124], [135, 136], [135, 140], [141, 142], [141, 145], [148, 149], [148, 164], [149, 148], [149, 150], [164, 165], [164, 180], [165, 164], [165, 166], [180, 181], [180, 198], [181, 180], [181, 182], [220, 221], [220, 233], [222, 223], [222, 226], [223, 222], [223, 224], [227, 228], [227, 230], [230, -213], [230, 231], [240, 241], [240, 244]]}, "src/pqc_migration_audit/types.py": {"executed_lines": [1, 3, 4, 5, 8, 9, 10, 11, 12, 13, 16, 17, 18, 19, 20, 21, 22, 23, 26, 27, 28, 29, 30, 31, 32, 33, 34, 35, 36, 37, 40, 41, 42, 43, 44, 45, 46, 47, 48, 50, 51, 52, 53, 54, 55, 58, 59, 60, 61, 62, 63, 64, 65, 66, 67, 68, 69], "summary": {"covered_lines": 50, "num_statements": 50, "percent_covered": 100.0, "percent_covered_display": "100", "missing_lines": 0, "excluded_lines": 0, "num_branches": 8, "num_partial_branches": 0, "covered_branches": 8, "missing_branches": 0}, "missing_lines": [], "excluded_lines": [], "executed_branches": [[26, 27], [26, 28], [40, 41], [40, 42], [50, 51], [50, 52], [58, 59], [58, 60]], "missing_branches": []}, "src/pqc_migration_audit/validation_framework.py": {"executed_lines": [1, 3, 4, 5, 6, 7, 8, 9, 10, 11, 12, 13, 16, 17, 18, 19, 20, 21, 24, 25, 26, 27, 28, 29, 32, 33, 34, 35, 36, 37, 38, 39, 40, 41, 42, 45, 46, 47, 48, 49, 50, 51, 52, 53, 54, 55, 56, 57, 58, 61, 62, 64, 65, 66, 67, 70, 79, 100, 122, 140, 187, 254, 299, 330, 377, 405, 435, 468, 491, 520, 546, 565, 613, 639, 660, 672, 695, 698, 700, 701, 702, 729, 730], "summary": {"covered_lines": 77, "num_statements": 297, "percent_covered": 18.651685393258425, "percent_covered_display": "19", "missing_lines": 220, "excluded_lines": 0, "num_branches": 148, "num_partial_branches": 0, "covered_branches": 6, "missing_branches": 142}, "missing_lines": [81, 82, 85, 88, 91, 94, 96, 102, 103, 106, 109, 112, 115, 116, 118, 124, 125, 128, 131, 134, 136, 142, 144, 145, 146, 147, 154, 162, 168, 169, 170, 171, 178, 185, 189, 192, 193, 194, 195, 201, 202, 209, 217, 218, 219, 220, 227, 235, 236, 237, 238, 245, 252, 256, 258, 259, 262, 263, 264, 271, 279, 280, 281, 282, 283, 290, 297, 301, 304, 305, 306, 307, 309, 310, 311, 313, 314, 321, 328, 332, 335, 336, 343, 351, 352, 353, 354, 360, 361, 368, 375, 379, 381, 382, 385, 386, 387, 388, 389, 396, 403, 407, 409, 410, 411, 412, 418, 419, 426, 433, 437, 440, 441, 442, 449, 457, 458, 459, 466, 470, 472, 473, 474, 475, 482, 489, 493, 495, 496, 497, 498, 499, 500, 501, 503, 504, 511, 518, 522, 524, 525, 526, 527, 529, 530, 537, 544, 548, 549, 551, 552, 553, 554, 556, 557, 558, 560, 561, 563, 568, 576, 577, 578, 579, 581, 584, 585, 586, 588, 591, 594, 596, 610, 611, 615, 618, 619, 620, 623, 624, 625, 628, 629, 630, 633, 634, 635, 637, 641, 642, 644, 646, 662, 664, 665, 666, 667, 668, 670, 674, 675, 677, 678, 680, 681, 682, 684, 691, 703, 706, 708, 709, 710, 711, 712, 713, 715, 718, 719, 728], "excluded_lines": [], "executed_branches": [[32, 33], [32, 34], [45, 46], [45, 47], [702, 701], [702, 729]], "missing_branches": [[115, 116], [115, 118], [145, 146], [145, 162], [146, 147], [146, 154], [168, 169], [168, 185], [169, 168], [169, 170], [170, 171], [170, 178], [192, 193], [192, 217], [194, 195], [194, 201], [201, 202], [201, 209], [217, 218], [217, 235], [219, 220], [219, 227], [235, 236], [235, 252], [237, 238], [237, 245], [258, 259], [258, 297], [262, 263], [262, 279], [263, 264], [263, 271], [279, 280], [279, 297], [281, 282], [281, 297], [282, 283], [282, 290], [304, 305], [304, 328], [306, 307], [306, 328], [309, 310], [309, 328], [313, 314], [313, 321], [335, 336], [335, 343], [351, 352], [351, 375], [353, 354], [353, 360], [360, 361], [360, 368], [381, 382], [381, 403], [385, 386], [385, 403], [386, 385], [386, 387], [388, 389], [388, 396], [409, 410], [409, 433], [411, 412], [411, 418], [418, 419], [418, 426], [440, 441], [440, 457], [441, 442], [441, 449], [457, 458], [457, 466], [458, 459], [458, 466], [473, 474], [473, 489], [474, 475], [474, 482], [495, 496], [495, 518], [497, 498], [497, 518], [498, 499], [498, 518], [499, 498], [499, 500], [503, 504], [503, 511], [524, 525], [524, 544], [526, 527], [526, 544], [527, -527], [527, 529], [529, 530], [529, 537], [548, 549], [548, 551], [568, -568], [568, 576], [576, 577], [576, 578], [578, 579], [578, 581], [585, 586], [585, 588], [618, 619], [618, 623], [619, 618], [619, 620], [624, 625], [624, 628], [629, 630], [629, 633], [634, 635], [634, 637], [641, 642], [641, 644], [646, -646], [646, -639], [664, 665], [664, 670], [665, 664], [665, 666], [666, 665], [666, 667], [670, -670], [670, -660], [674, 675], [674, 677], [680, 681], [680, 691], [708, 709], [708, 710], [710, 711], [710, 712], [712, 713], [712, 715], [718, 719], [718, 728]]}, "src/pqc_migration_audit/validators.py": {"executed_lines": [1, 3, 4, 5, 6, 7, 8, 9, 10, 11, 13, 16, 17, 18, 19, 20, 21, 23, 24, 25, 28, 29, 31, 33, 43, 44, 45, 50, 59, 60, 63, 64, 71, 78, 81, 82, 88, 95, 96, 97, 100, 111, 120, 122, 128, 134, 141, 142, 149, 156, 157, 158, 160, 161, 166, 177, 231, 279, 280, 282, 284, 292, 301, 302, 305, 306, 309, 310, 314, 315, 316, 319, 320, 326, 329, 340, 377, 432, 433, 435, 439, 457, 497, 531, 532, 534, 543, 570, 585, 597, 607], "summary": {"covered_lines": 85, "num_statements": 242, "percent_covered": 32.78688524590164, "percent_covered_display": "33", "missing_lines": 157, "excluded_lines": 0, "num_branches": 124, "num_partial_branches": 13, "covered_branches": 35, "missing_branches": 89}, "missing_lines": [65, 72, 89, 98, 105, 106, 123, 129, 135, 143, 150, 162, 163, 164, 171, 172, 186, 187, 190, 191, 192, 193, 199, 200, 201, 202, 203, 204, 209, 210, 216, 217, 218, 220, 225, 226, 240, 242, 244, 245, 246, 247, 250, 251, 254, 255, 256, 257, 260, 261, 263, 265, 267, 272, 273, 311, 321, 327, 334, 335, 349, 350, 351, 352, 353, 355, 356, 358, 359, 360, 361, 362, 364, 365, 366, 367, 369, 371, 373, 375, 386, 387, 390, 401, 402, 403, 406, 407, 408, 414, 415, 420, 425, 426, 437, 448, 449, 450, 451, 452, 453, 454, 455, 468, 469, 472, 473, 474, 475, 476, 479, 480, 481, 483, 484, 486, 491, 492, 506, 507, 514, 516, 517, 518, 519, 525, 527, 528, 536, 554, 555, 556, 561, 562, 564, 565, 572, 575, 576, 577, 580, 581, 583, 587, 590, 592, 593, 595, 599, 602, 603, 605, 609, 612, 613, 614, 616], "excluded_lines": [], "executed_branches": [[16, 17], [16, 18], [24, -23], [24, 25], [63, 64], [63, 71], [64, 63], [71, 78], [81, 82], [81, 88], [88, 95], [97, -97], [97, 97], [97, 100], [122, 128], [128, 134], [134, 141], [142, 149], [149, 156], [158, 160], [158, 166], [161, 158], [305, 306], [305, 309], [309, 310], [309, 319], [310, -310], [310, 310], [310, 314], [314, 309], [314, 315], [315, 314], [315, 316], [319, 320], [319, 329], [320, 326], [326, 319]], "missing_branches": [[64, 65], [71, 72], [88, 89], [97, 98], [122, 123], [128, 129], [134, 135], [142, 143], [149, 150], [161, 162], [191, 192], [191, 199], [192, 191], [192, 193], [200, 201], [200, 209], [209, 210], [209, 216], [217, 218], [217, 220], [246, 247], [246, 263], [250, 251], [250, 254], [254, 255], [254, 260], [255, 246], [255, 256], [256, 255], [256, 257], [260, 246], [260, 261], [310, 311], [320, 321], [326, 327], [351, 352], [351, 360], [353, 355], [353, 359], [355, -355], [355, 356], [355, 358], [360, 361], [360, 362], [362, 364], [362, 369], [365, 366], [365, 367], [401, 402], [401, 406], [402, 401], [402, 403], [406, 407], [406, 414], [407, 406], [407, 408], [414, 415], [414, 420], [450, 451], [450, 453], [451, -451], [451, 450], [451, 452], [472, 473], [472, 486], [474, 475], [474, 479], [479, 472], [479, 480], [483, 472], [483, 484], [514, -514], [514, 516], [516, 517], [516, 525], [518, 516], [518, 519], [555, 556], [555, 561], [576, 577], [576, 580], [580, 581], [580, 583], [592, 593], [592, 595], [602, 603], [602, 605], [613, 614], [613, 616]]}}, "totals": {"covered_lines": 1396, "num_statements": 11403, "percent_covered": 10.797553828513186, "percent_covered_display": "11", "missing_lines": 10007, "excluded_lines": 16, "num_branches": 4295, "num_partial_branches": 98, "covered_branches": 299, "missing_branches": 3996}}